\BOOKMARK [1][-]{section.1}{\376\377\0001\000\040\000P\000a\000r\000t\000i\000c\000l\000e\000\040\000K\000i\000n\000e\000m\000a\000t\000i\000c\000s}{}% 1
\BOOKMARK [2][-]{subsection.1.1}{\376\377\0001\000.\0001\000\040\000S\000p\000a\000c\000e\000,\000\040\000t\000i\000m\000e\000,\000\040\000a\000n\000d\000\040\000s\000y\000m\000m\000e\000t\000r\000y}{section.1}% 2
\BOOKMARK [2][-]{subsection.1.2}{\376\377\0001\000.\0002\000\040\000P\000a\000r\000t\000i\000c\000l\000e\000s}{section.1}% 3
\BOOKMARK [2][-]{subsection.1.3}{\376\377\0001\000.\0003\000\040\000C\000o\000n\000s\000t\000a\000n\000t\000\040\000A\000c\000c\000e\000l\000e\000r\000a\000t\000i\000o\000n\000\040\000K\000i\000n\000e\000m\000a\000t\000i\000c\000\040\000E\000q\000u\000a\000t\000i\000o\000n\000s}{section.1}% 4
\BOOKMARK [2][-]{subsection.1.4}{\376\377\0001\000.\0004\000\040\000B\000a\000l\000l\000i\000s\000t\000i\000c\000\040\000m\000o\000t\000i\000o\000n}{section.1}% 5
\BOOKMARK [1][-]{section.2}{\376\377\0002\000\040\000N\000e\000w\000t\000o\000n\000i\000a\000n\000\040\000D\000y\000n\000a\000m\000i\000c\000s}{}% 6
\BOOKMARK [2][-]{subsection.2.1}{\376\377\0002\000.\0001\000\040\000N\000e\000w\000t\000o\000n\000\040\000I\000:\000\040\000I\000n\000e\000r\000t\000i\000a\000l\000\040\000f\000r\000a\000m\000e\000s\000\040\000o\000f\000\040\000r\000e\000f\000e\000r\000e\000n\000c\000e}{section.2}% 7
\BOOKMARK [2][-]{subsection.2.2}{\376\377\0002\000.\0002\000\040\000N\000e\000w\000t\000o\000n\000\040\000I\000I\000:\000\040\000F\000o\000r\000c\000e\000s\000\040\000a\000n\000d\000\040\000m\000o\000t\000i\000o\000n}{section.2}% 8
\BOOKMARK [3][-]{subsubsection.2.2.1}{\376\377\0002\000.\0002\000.\0001\000\040\000W\000e\000i\000g\000h\000t}{subsection.2.2}% 9
\BOOKMARK [3][-]{subsubsection.2.2.2}{\376\377\0002\000.\0002\000.\0002\000\040\000N\000o\000r\000m\000a\000l\000\040\000f\000o\000r\000c\000e}{subsection.2.2}% 10
\BOOKMARK [3][-]{subsubsection.2.2.3}{\376\377\0002\000.\0002\000.\0003\000\040\000\050\000N\000o\000n\000-\000\051\000C\000o\000n\000t\000a\000c\000t\000\040\000f\000o\000r\000c\000e\000s}{subsection.2.2}% 11
\BOOKMARK [3][-]{subsubsection.2.2.4}{\376\377\0002\000.\0002\000.\0004\000\040\000F\000r\000i\000c\000t\000i\000o\000n}{subsection.2.2}% 12
\BOOKMARK [3][-]{subsubsection.2.2.5}{\376\377\0002\000.\0002\000.\0005\000\040\000T\000e\000n\000s\000i\000o\000n\000,\000\040\000s\000t\000r\000i\000n\000g\000s\000,\000\040\000a\000n\000d\000\040\000p\000u\000l\000l\000e\000y\000s}{subsection.2.2}% 13
\BOOKMARK [3][-]{subsubsection.2.2.6}{\376\377\0002\000.\0002\000.\0006\000\040\000S\000p\000r\000i\000n\000g\000\040\000f\000o\000r\000c\000e}{subsection.2.2}% 14
\BOOKMARK [2][-]{subsection.2.3}{\376\377\0002\000.\0003\000\040\000N\000e\000w\000t\000o\000n\000\040\000I\000I\000I}{section.2}% 15
\BOOKMARK [2][-]{subsection.2.4}{\376\377\0002\000.\0004\000\040\000F\000B\000D\000s\000:\000\040\000T\000h\000e\000\040\000F\000r\000e\000e\000-\000B\000o\000d\000y\000\040\000D\000i\000a\000g\000r\000a\000m\000\040\000T\000e\000c\000h\000n\000i\000q\000u\000e}{section.2}% 16
\BOOKMARK [2][-]{subsection.2.5}{\376\377\0002\000.\0005\000\040\000E\000x\000a\000m\000p\000l\000e\000s}{section.2}% 17
\BOOKMARK [3][-]{subsubsection.2.5.1}{\376\377\0002\000.\0005\000.\0001\000\040\000P\000u\000s\000h\000i\000n\000g\000\040\000o\000n\000\040\000b\000l\000o\000c\000k\000s}{subsection.2.5}% 18
\BOOKMARK [3][-]{subsubsection.2.5.2}{\376\377\0002\000.\0005\000.\0002\000\040\000H\000a\000n\000g\000i\000n\000g\000\040\000m\000a\000s\000s}{subsection.2.5}% 19
\BOOKMARK [3][-]{subsubsection.2.5.3}{\376\377\0002\000.\0005\000.\0003\000\040\000A\000t\000w\000o\000o\000d\000\040\000M\000a\000c\000h\000i\000n\000e}{subsection.2.5}% 20
\BOOKMARK [3][-]{subsubsection.2.5.4}{\376\377\0002\000.\0005\000.\0004\000\040\000T\000a\000b\000l\000e\000\040\000a\000n\000d\000\040\000p\000u\000l\000l\000e\000y}{subsection.2.5}% 21
\BOOKMARK [3][-]{subsubsection.2.5.5}{\376\377\0002\000.\0005\000.\0005\000\040\000R\000a\000m\000p\000\040\000a\000n\000d\000\040\000p\000u\000l\000l\000e\000y}{subsection.2.5}% 22
\BOOKMARK [3][-]{subsubsection.2.5.6}{\376\377\0002\000.\0005\000.\0006\000\040\000A\000d\000d\000i\000t\000i\000o\000n\000a\000l\000\040\000p\000r\000o\000b\000l\000e\000m\000s\000\040\000a\000n\000d\000\040\000m\000i\000x\000i\000n\000g}{subsection.2.5}% 23
\BOOKMARK [1][-]{section.3}{\376\377\0003\000\040\000\050\000L\000i\000n\000e\000a\000r\000\051\000\040\000M\000o\000m\000e\000n\000t\000u\000m\000\040\000a\000n\000d\000\040\000E\000n\000e\000r\000g\000y}{}% 24
\BOOKMARK [2][-]{subsection.3.1}{\376\377\0003\000.\0001\000\040\000M\000o\000m\000e\000n\000t\000u\000m\000\040\000a\000n\000d\000\040\000I\000m\000p\000u\000l\000s\000e}{section.3}% 25
\BOOKMARK [3][-]{subsubsection.3.1.1}{\376\377\0003\000.\0001\000.\0001\000\040\000C\000o\000n\000s\000e\000r\000v\000a\000t\000i\000o\000n\000\040\000o\000f\000\040\000m\000o\000m\000e\000n\000t\000u\000m}{subsection.3.1}% 26
\BOOKMARK [3][-]{subsubsection.3.1.2}{\376\377\0003\000.\0001\000.\0002\000\040\000C\000e\000n\000t\000e\000r\000\040\000o\000f\000\040\000M\000a\000s\000s}{subsection.3.1}% 27
\BOOKMARK [2][-]{subsection.3.2}{\376\377\0003\000.\0002\000\040\000W\000o\000r\000k\000\040\000a\000n\000d\000\040\000E\000n\000e\000r\000g\000y}{section.3}% 28
\BOOKMARK [3][-]{subsubsection.3.2.1}{\376\377\0003\000.\0002\000.\0001\000\040\0001\000\040\000d\000i\000m\000e\000n\000s\000i\000o\000n}{subsection.3.2}% 29
\BOOKMARK [3][-]{subsubsection.3.2.2}{\376\377\0003\000.\0002\000.\0002\000\040\0003\000\040\000d\000i\000m\000e\000n\000s\000i\000o\000n\000s}{subsection.3.2}% 30
\BOOKMARK [3][-]{subsubsection.3.2.3}{\376\377\0003\000.\0002\000.\0003\000\040\000I\000n\000t\000e\000r\000l\000u\000d\000e\000:\000\040\000R\000e\000v\000i\000e\000w\000\040\000o\000f\000\040\000e\000n\000e\000r\000g\000y\000\040\000a\000n\000d\000\040\000m\000o\000m\000e\000n\000t\000u\000m}{subsection.3.2}% 31
\BOOKMARK [3][-]{subsubsection.3.2.4}{\376\377\0003\000.\0002\000.\0004\000\040\000C\000o\000n\000s\000e\000r\000v\000a\000t\000i\000v\000e\000\040\000a\000n\000d\000\040\000N\000o\000n\000-\000c\000o\000n\000s\000e\000r\000v\000a\000t\000i\000v\000e\000\040\000F\000o\000r\000c\000e\000s}{subsection.3.2}% 32
\BOOKMARK [3][-]{subsubsection.3.2.5}{\376\377\0003\000.\0002\000.\0005\000\040\000P\000r\000i\000n\000c\000i\000p\000l\000e\000\040\000o\000f\000\040\000C\000o\000n\000s\000e\000r\000v\000a\000t\000i\000o\000n\000\040\000o\000f\000\040\000E\000n\000e\000r\000g\000y}{subsection.3.2}% 33
\BOOKMARK [3][-]{subsubsection.3.2.6}{\376\377\0003\000.\0002\000.\0006\000\040\000E\000x\000a\000m\000p\000l\000e\000s\000\040\000a\000n\000d\000\040\000p\000r\000o\000b\000l\000e\000m\000s}{subsection.3.2}% 34
\BOOKMARK [1][-]{section.4}{\376\377\0004\000\040\000M\000i\000d\000t\000e\000r\000m\000\040\000R\000e\000v\000i\000e\000w}{}% 35
\BOOKMARK [1][-]{section.5}{\376\377\0005\000\040\000R\000o\000t\000a\000t\000i\000o\000n\000a\000l\000\040\000M\000o\000t\000i\000o\000n}{}% 36
\BOOKMARK [2][-]{subsection.5.1}{\376\377\0005\000.\0001\000\040\000C\000i\000r\000c\000u\000l\000a\000r\000\040\000M\000o\000t\000i\000o\000n}{section.5}% 37
\BOOKMARK [2][-]{subsection.5.2}{\376\377\0005\000.\0002\000\040\000R\000o\000a\000d\000m\000a\000p}{section.5}% 38
\BOOKMARK [3][-]{subsubsection.5.2.1}{\376\377\0005\000.\0002\000.\0001\000\040\000R\000o\000t\000a\000t\000i\000o\000n\000a\000l\000\040\000K\000i\000n\000e\000m\000a\000t\000i\000c\000s}{subsection.5.2}% 39
\BOOKMARK [2][-]{subsection.5.3}{\376\377\0005\000.\0003\000\040\000E\000n\000e\000r\000g\000y}{section.5}% 40
\BOOKMARK [3][-]{subsubsection.5.3.1}{\376\377\0005\000.\0003\000.\0001\000\040\000R\000o\000t\000a\000t\000i\000o\000n\000a\000l\000\040\000i\000n\000e\000r\000t\000i\000a\000\040\000f\000r\000o\000m\000\040\000k\000i\000n\000e\000t\000i\000c\000\040\000e\000n\000e\000r\000g\000y}{subsection.5.3}% 41
\BOOKMARK [3][-]{subsubsection.5.3.2}{\376\377\0005\000.\0003\000.\0002\000\040\000C\000e\000n\000t\000e\000r\000\040\000o\000f\000\040\000m\000a\000s\000s}{subsection.5.3}% 42
\BOOKMARK [3][-]{subsubsection.5.3.3}{\376\377\0005\000.\0003\000.\0003\000\040\000P\000a\000r\000a\000l\000l\000e\000l\000\040\000A\000x\000i\000s\000\040\000T\000h\000e\000o\000r\000e\000m}{subsection.5.3}% 43
\BOOKMARK [2][-]{subsection.5.4}{\376\377\0005\000.\0004\000\040\000A\000n\000g\000u\000l\000a\000r\000\040\000M\000o\000m\000e\000n\000t\000u\000m}{section.5}% 44
\BOOKMARK [2][-]{subsection.5.5}{\376\377\0005\000.\0005\000\040\000T\000o\000r\000q\000u\000e}{section.5}% 45
\BOOKMARK [2][-]{subsection.5.6}{\376\377\0005\000.\0006\000\040\000S\000y\000n\000t\000h\000e\000s\000i\000s}{section.5}% 46
