This is LuaHBTeX, Version 1.16.0 (TeX Live 2023)  (format=lualatex 2023.10.12)  27 FEB 2024 17:59
 restricted system commands enabled.
 file:line:error style messages enabled.
**HonorsPhysicsTJ.tex
(./HonorsPhysicsTJ.tex
LaTeX2e <2022-11-01> patch level 1
Lua module: luaotfload 2022-10-03 3.23 Lua based OpenType font support
Lua module: lualibs 2022-10-04 2.75 ConTeXt Lua standard libraries.
Lua module: lualibs-extended 2022-10-04 2.75 ConTeXt Lua libraries -- extended c
ollection.
luaotfload | conf : Root cache directory is "/Users/wdlinch3/Library/texlive/202
3/texmf-var/luatex-cache/generic/names".
luaotfload | init : Loading fontloader "fontloader-2022-10-03.lua" from kpse-res
olved path "/usr/local/texlive/2023/texmf-dist/tex/luatex/luaotfload/fontloader-
2022-10-03.lua".
Lua-only attribute luaotfload@noligature = 1
luaotfload | init : Context OpenType loader version 3.120
Inserting `luaotfload.node_processor' in `pre_linebreak_filter'.
Inserting `luaotfload.node_processor' in `hpack_filter'.
Inserting `luaotfload.glyph_stream' in `glyph_stream_provider'.
Inserting `luaotfload.define_font' in `define_font'.
Lua-only attribute luaotfload_color_attribute = 2
luaotfload | conf : Root cache directory is "/Users/wdlinch3/Library/texlive/202
3/texmf-var/luatex-cache/generic/names".
Inserting `luaotfload.harf.strip_prefix' in `find_opentype_file'.
Inserting `luaotfload.harf.strip_prefix' in `find_truetype_file'.
Removing  `luaotfload.glyph_stream' from `glyph_stream_provider'.
Inserting `luaotfload.harf.glyphstream' in `glyph_stream_provider'.
Inserting `luaotfload.harf.finalize_vlist' in `post_linebreak_filter'.
Inserting `luaotfload.harf.finalize_hlist' in `hpack_filter'.
Inserting `luaotfload.cleanup_files' in `wrapup_run'.
Inserting `luaotfload.harf.finalize_unicode' in `finish_pdffile'.
Inserting `luaotfload.glyphinfo' in `glyph_info'.
Lua-only attribute luaotfload.letterspace_done = 3
Inserting `luaotfload.aux.set_sscale_dimens' in `luaotfload.patch_font'.
Inserting `luaotfload.aux.set_font_index' in `luaotfload.patch_font'.
Inserting `luaotfload.aux.patch_cambria_domh' in `luaotfload.patch_font'.
Inserting `luaotfload.aux.fixup_fontdata' in `luaotfload.patch_font_unsafe'.
Inserting `luaotfload.aux.set_capheight' in `luaotfload.patch_font'.
Inserting `luaotfload.aux.set_xheight' in `luaotfload.patch_font'.
Inserting `luaotfload.rewrite_fontname' in `luaotfload.patch_font'. L3 programm
ing layer <2023-02-22>
Inserting `tracingstacklevels' in `input_level_string'. (./headerWDL3.tex
(/usr/local/texlive/2023/texmf-dist/tex/latex/base/article.cls
Document Class: article 2022/07/02 v1.4n Standard LaTeX document class
(/usr/local/texlive/2023/texmf-dist/tex/latex/base/size12.clo
File: size12.clo 2022/07/02 v1.4n Standard LaTeX file (size option)
luaotfload | db : Font names database loaded from /Users/wdlinch3/Library/texliv
e/2023/texmf-var/luatex-cache/generic/names/luaotfload-names.luc.gz)
\c@part=\count183
\c@section=\count184
\c@subsection=\count185
\c@subsubsection=\count186
\c@paragraph=\count187
\c@subparagraph=\count188
\c@figure=\count189
\c@table=\count190
\abovecaptionskip=\skip48
\belowcaptionskip=\skip49
\bibindent=\dimen139
)
(/usr/local/texlive/2023/texmf-dist/tex/latex/amsmath/amsmath.sty
Package: amsmath 2022/04/08 v2.17n AMS math features
\@mathmargin=\skip50

For additional information on amsmath, use the `?' option.
(/usr/local/texlive/2023/texmf-dist/tex/latex/amsmath/amstext.sty
Package: amstext 2021/08/26 v2.01 AMS text

(/usr/local/texlive/2023/texmf-dist/tex/latex/amsmath/amsgen.sty
File: amsgen.sty 1999/11/30 v2.0 generic functions
\@emptytoks=\toks16
\ex@=\dimen140
))
(/usr/local/texlive/2023/texmf-dist/tex/latex/amsmath/amsbsy.sty
Package: amsbsy 1999/11/29 v1.2d Bold Symbols
\pmbraise@=\dimen141
)
(/usr/local/texlive/2023/texmf-dist/tex/latex/amsmath/amsopn.sty
Package: amsopn 2022/04/08 v2.04 operator names
)
\inf@bad=\count191
LaTeX Info: Redefining \frac on input line 236.
\uproot@=\count192
\leftroot@=\count193
LaTeX Info: Redefining \overline on input line 399.
LaTeX Info: Redefining \colon on input line 410.
\classnum@=\count194
\DOTSCASE@=\count195
LaTeX Info: Redefining \ldots on input line 496.
LaTeX Info: Redefining \dots on input line 499.
LaTeX Info: Redefining \cdots on input line 620.
\Mathstrutbox@=\box51
\strutbox@=\box52
LaTeX Info: Redefining \big on input line 722.
LaTeX Info: Redefining \Big on input line 723.
LaTeX Info: Redefining \bigg on input line 724.
LaTeX Info: Redefining \Bigg on input line 725.
\big@size=\dimen142
LaTeX Font Info:    Redeclaring font encoding OML on input line 743.
LaTeX Font Info:    Redeclaring font encoding OMS on input line 744.
\macc@depth=\count196
LaTeX Info: Redefining \bmod on input line 905.
LaTeX Info: Redefining \pmod on input line 910.
LaTeX Info: Redefining \smash on input line 940.
LaTeX Info: Redefining \relbar on input line 970.
LaTeX Info: Redefining \Relbar on input line 971.
\c@MaxMatrixCols=\count197
\dotsspace@=\muskip16
\c@parentequation=\count198
\dspbrk@lvl=\count199
\tag@help=\toks17
\row@=\count266
\column@=\count267
\maxfields@=\count268
\andhelp@=\toks18
\eqnshift@=\dimen143
\alignsep@=\dimen144
\tagshift@=\dimen145
\tagwidth@=\dimen146
\totwidth@=\dimen147
\lineht@=\dimen148
\@envbody=\toks19
\multlinegap=\skip51
\multlinetaggap=\skip52
\mathdisplay@stack=\toks20
LaTeX Info: Redefining \[ on input line 2953.
LaTeX Info: Redefining \] on input line 2954.
)
(/usr/local/texlive/2023/texmf-dist/tex/latex/tools/bm.sty
Package: bm 2022/01/05 v1.2f Bold Symbol Support (DPC/FMi)
\symboldoperators=\mathgroup4
\symboldletters=\mathgroup5
\symboldsymbols=\mathgroup6
Package bm Info: No bold for \OMX/cmex/m/n, using \pmb.
LaTeX Font Info:    Redeclaring math alphabet \mathbf on input line 149.
)
(/usr/local/texlive/2023/texmf-dist/tex/latex/unicode-math/unicode-math.sty
(/usr/local/texlive/2023/texmf-dist/tex/latex/l3kernel/expl3.sty
Package: expl3 2023-02-22 L3 programming layer (loader) 

(/usr/local/texlive/2023/texmf-dist/tex/latex/l3backend/l3backend-luatex.def
File: l3backend-luatex.def 2023-01-16 L3 backend support: PDF output (LuaTeX)
\l__color_backend_stack_int=\count269
\l__pdf_internal_box=\box53
))
Package: unicode-math 2020/01/31 v0.8q Unicode maths in XeLaTeX and LuaLaTeX

(/usr/local/texlive/2023/texmf-dist/tex/latex/unicode-math/unicode-math-luatex.
sty
Package: unicode-math-luatex 2020/01/31 v0.8q Unicode maths in XeLaTeX and LuaL
aTeX
 (/usr/local/texlive/2023/texmf-dist/tex/latex/l3packages/xparse/xparse.sty
Package: xparse 2023-02-02 L3 Experimental document command parser
) (/usr/local/texlive/2023/texmf-dist/tex/latex/l3packages/l3keys2e/l3keys2e.st
y
Package: l3keys2e 2023-02-02 LaTeX2e option processing using LaTeX3 keys
) (/usr/local/texlive/2023/texmf-dist/tex/latex/fontspec/fontspec.sty
Package: fontspec 2022/01/15 v2.8a Font selection for XeLaTeX and LuaLaTeX
Lua module: fontspec 2022/01/15 2.8a Font selection for XeLaTeX and LuaLaTeX
(/usr/local/texlive/2023/texmf-dist/tex/latex/fontspec/fontspec-luatex.sty
Package: fontspec-luatex 2022/01/15 v2.8a Font selection for XeLaTeX and LuaLaT
eX
\l__fontspec_script_int=\count270
\l__fontspec_language_int=\count271
\l__fontspec_strnum_int=\count272
\l__fontspec_tmp_int=\count273
\l__fontspec_tmpa_int=\count274
\l__fontspec_tmpb_int=\count275
\l__fontspec_tmpc_int=\count276
\l__fontspec_em_int=\count277
\l__fontspec_emdef_int=\count278
\l__fontspec_strong_int=\count279
\l__fontspec_strongdef_int=\count280
\l__fontspec_tmpa_dim=\dimen149
\l__fontspec_tmpb_dim=\dimen150
\l__fontspec_tmpc_dim=\dimen151

(/usr/local/texlive/2023/texmf-dist/tex/latex/base/fontenc.sty
Package: fontenc 2021/04/29 v2.0v Standard LaTeX package
)
(/usr/local/texlive/2023/texmf-dist/tex/latex/fontspec/fontspec.cfg)))
(/usr/local/texlive/2023/texmf-dist/tex/latex/base/fix-cm.sty
Package: fix-cm 2020/11/24 v1.1t fixes to LaTeX

(/usr/local/texlive/2023/texmf-dist/tex/latex/base/ts1enc.def
File: ts1enc.def 2001/06/05 v3.0e (jk/car/fm) Standard LaTeX file
LaTeX Font Info:    Redeclaring font encoding TS1 on input line 47.
))
(/usr/local/texlive/2023/texmf-dist/tex/lualatex/lualatex-math/lualatex-math.st
y
Package: lualatex-math 2022/01/01 v1.12 Patches for mathematics typesetting wit
h LuaLaTeX
 (/usr/local/texlive/2023/texmf-dist/tex/latex/etoolbox/etoolbox.sty
Package: etoolbox 2020/10/05 v2.5k e-TeX tools for LaTeX (JAW)
\etb@tempcnta=\count281
)
Lua module: lualatex-math 2013/08/03 1.3 Patches for mathematics typesetting wit
h LuaLaTeX)
\g__um_fam_int=\count282
\g__um_fonts_used_int=\count283
\l__um_primecount_int=\count284
\g__um_primekern_muskip=\muskip17

(/usr/local/texlive/2023/texmf-dist/tex/latex/unicode-math/unicode-math-table.t
ex)))
luaotfload | cache : Lookup cache loaded from /Users/wdlinch3/Library/texlive/20
23/texmf-var/luatex-cache/generic/names/luaotfload-lookup-cache.luc.

Package fontspec Info: Could not resolve font "STIXTwoMath/B" (it probably
(fontspec)             doesn't exist).


Package fontspec Info: Font family 'STIXTwoMath(0)' created for font 'STIX Two
(fontspec)             Math' with options
(fontspec)             [Renderer=Basic,BoldItalicFont={},ItalicFont={},SmallCap
sFont={},Script=Math,FontAdjustment={\__um_luatex_copy_fontdimens:
(fontspec)             }].
(fontspec)              
(fontspec)              This font family consists of the following NFSS
(fontspec)             series/shapes:
(fontspec)              
(fontspec)             - 'normal' (m/n) with NFSS spec.:
(fontspec)             <->"STIXTwoMath:mode=base;script=math;language=dflt;"
(fontspec)             - 'small caps'  (m/sc) with NFSS spec.: 
(fontspec)             and font adjustment code:
(fontspec)             \__um_luatex_copy_fontdimens: 


Package fontspec Info: Could not resolve font "STIXTwoMath/B" (it probably
(fontspec)             doesn't exist).


Package fontspec Info: Font family 'STIXTwoMath(1)' created for font 'STIX Two
(fontspec)             Math' with options
(fontspec)             [Renderer=Basic,BoldItalicFont={},ItalicFont={},SmallCap
sFont={},Script=Math,SizeFeatures={{Size=10.2-},{Size=7.5-10.2,Font=STIX
(fontspec)             Two Math,Style=MathScript},{Size=-7.5,Font=STIX Two
(fontspec)             Math,Style=MathScriptScript}},FontAdjustment={\__um_luat
ex_copy_fontdimens:
(fontspec)             }].
(fontspec)              
(fontspec)              This font family consists of the following NFSS
(fontspec)             series/shapes:
(fontspec)              
(fontspec)             - 'normal' (m/n) with NFSS spec.:
(fontspec)             <10.2->"STIXTwoMath:mode=base;script=math;language=dflt;
"<7.5-10.2>"STIXTwoMath:mode=base;script=math;language=dflt;+ssty=0;"<-7.5>"STI
XTwoMath:mode=base;script=math;language=dflt;+ssty=1;"
(fontspec)             - 'small caps'  (m/sc) with NFSS spec.: 
(fontspec)             and font adjustment code:
(fontspec)             \__um_luatex_copy_fontdimens: 

LaTeX Font Info:    Encoding `OT1' has changed to `TU' for symbol font
(Font)              `operators' in the math version `normal' on input line 18.
LaTeX Font Info:    Overwriting symbol font `operators' in version `normal'
(Font)                  OT1/cmr/m/n --> TU/STIXTwoMath(1)/m/n on input line 18.

LaTeX Font Info:    Encoding `OT1' has changed to `TU' for symbol font
(Font)              `operators' in the math version `bold' on input line 18.
LaTeX Font Info:    Overwriting symbol font `operators' in version `bold'
(Font)                  OT1/cmr/bx/n --> TU/STIXTwoMath(1)/b/n on input line 18
.

Package fontspec Info: STIXTwoMath scale = 1.0001.


Package fontspec Info: Could not resolve font "STIXTwoMath/B" (it probably
(fontspec)             doesn't exist).


Package fontspec Info: STIXTwoMath scale = 1.0001.


Package fontspec Info: STIXTwoMath scale = 1.0001.


Package fontspec Info: STIXTwoMath scale = 1.0001.


Package fontspec Info: Font family 'STIXTwoMath(2)' created for font 'STIX Two
(fontspec)             Math' with options
(fontspec)             [Renderer=Basic,BoldItalicFont={},ItalicFont={},SmallCap
sFont={},Script=Math,SizeFeatures={{Size=10.2-},{Size=7.5-10.2,Font=STIX
(fontspec)             Two Math,Style=MathScript},{Size=-7.5,Font=STIX Two
(fontspec)             Math,Style=MathScriptScript}},FontAdjustment={\__um_luat
ex_copy_fontdimens:
(fontspec)             },ScaleAgain=1.0001,FontAdjustment={\fontdimen 8\font
(fontspec)             =7.68pt\relax \fontdimen 9\font =7.01999pt\relax
(fontspec)             \fontdimen 10\font =5.64pt\relax \fontdimen 11\font
(fontspec)             =7.68pt\relax \fontdimen 12\font =7.01999pt\relax
(fontspec)             \fontdimen 13\font =4.31999pt\relax \fontdimen 14\font
(fontspec)             =4.31999pt\relax \fontdimen 15\font =3.02399pt\relax
(fontspec)             \fontdimen 16\font =2.51999pt\relax \fontdimen 17\font
(fontspec)             =2.51999pt\relax \fontdimen 18\font =2.76pt\relax
(fontspec)             \fontdimen 19\font =1.92pt\relax \fontdimen 22\font
(fontspec)             =3.096pt\relax \fontdimen 20\font =0pt\relax \fontdimen
(fontspec)             21\font =0pt\relax }].
(fontspec)              
(fontspec)              This font family consists of the following NFSS
(fontspec)             series/shapes:
(fontspec)              
(fontspec)             - 'normal' (m/n) with NFSS spec.:
(fontspec)             <10.2->s*[1.0001]"STIXTwoMath:mode=base;script=math;lang
uage=dflt;"<7.5-10.2>s*[1.0001]"STIXTwoMath:mode=base;script=math;language=dflt
;+ssty=0;"<-7.5>s*[1.0001]"STIXTwoMath:mode=base;script=math;language=dflt;+sst
y=1;"
(fontspec)             - 'small caps'  (m/sc) with NFSS spec.: 
(fontspec)             and font adjustment code:
(fontspec)             \__um_luatex_copy_fontdimens: \fontdimen 8\font
(fontspec)             =7.68pt\relax \fontdimen 9\font =7.01999pt\relax
(fontspec)             \fontdimen 10\font =5.64pt\relax \fontdimen 11\font
(fontspec)             =7.68pt\relax \fontdimen 12\font =7.01999pt\relax
(fontspec)             \fontdimen 13\font =4.31999pt\relax \fontdimen 14\font
(fontspec)             =4.31999pt\relax \fontdimen 15\font =3.02399pt\relax
(fontspec)             \fontdimen 16\font =2.51999pt\relax \fontdimen 17\font
(fontspec)             =2.51999pt\relax \fontdimen 18\font =2.76pt\relax
(fontspec)             \fontdimen 19\font =1.92pt\relax \fontdimen 22\font
(fontspec)             =3.096pt\relax \fontdimen 20\font =0pt\relax \fontdimen
(fontspec)             21\font =0pt\relax 

LaTeX Font Info:    Encoding `OMS' has changed to `TU' for symbol font
(Font)              `symbols' in the math version `normal' on input line 18.
LaTeX Font Info:    Overwriting symbol font `symbols' in version `normal'
(Font)                  OMS/cmsy/m/n --> TU/STIXTwoMath(2)/m/n on input line 18
.
LaTeX Font Info:    Encoding `OMS' has changed to `TU' for symbol font
(Font)              `symbols' in the math version `bold' on input line 18.
LaTeX Font Info:    Overwriting symbol font `symbols' in version `bold'
(Font)                  OMS/cmsy/b/n --> TU/STIXTwoMath(2)/b/n on input line 18
.

Package fontspec Info: STIXTwoMath scale = 0.9999.


Package fontspec Info: Could not resolve font "STIXTwoMath/B" (it probably
(fontspec)             doesn't exist).


Package fontspec Info: STIXTwoMath scale = 0.9999.


Package fontspec Info: STIXTwoMath scale = 0.9999.


Package fontspec Info: STIXTwoMath scale = 0.9999.


Package fontspec Info: Font family 'STIXTwoMath(3)' created for font 'STIX Two
(fontspec)             Math' with options
(fontspec)             [Renderer=Basic,BoldItalicFont={},ItalicFont={},SmallCap
sFont={},Script=Math,SizeFeatures={{Size=10.2-},{Size=7.5-10.2,Font=STIX
(fontspec)             Two Math,Style=MathScript},{Size=-7.5,Font=STIX Two
(fontspec)             Math,Style=MathScriptScript}},FontAdjustment={\__um_luat
ex_copy_fontdimens:
(fontspec)             },ScaleAgain=0.9999,FontAdjustment={\fontdimen 8\font
(fontspec)             =0.816pt\relax \fontdimen 9\font =1.62pt\relax
(fontspec)             \fontdimen 10\font =1.62pt\relax \fontdimen 11\font
(fontspec)             =3.59999pt\relax \fontdimen 12\font =8.04pt\relax
(fontspec)             \fontdimen 13\font =0pt\relax }].
(fontspec)              
(fontspec)              This font family consists of the following NFSS
(fontspec)             series/shapes:
(fontspec)              
(fontspec)             - 'normal' (m/n) with NFSS spec.:
(fontspec)             <10.2->s*[0.9999]"STIXTwoMath:mode=base;script=math;lang
uage=dflt;"<7.5-10.2>s*[0.9999]"STIXTwoMath:mode=base;script=math;language=dflt
;+ssty=0;"<-7.5>s*[0.9999]"STIXTwoMath:mode=base;script=math;language=dflt;+sst
y=1;"
(fontspec)             - 'small caps'  (m/sc) with NFSS spec.: 
(fontspec)             and font adjustment code:
(fontspec)             \__um_luatex_copy_fontdimens: \fontdimen 8\font
(fontspec)             =0.816pt\relax \fontdimen 9\font =1.62pt\relax
(fontspec)             \fontdimen 10\font =1.62pt\relax \fontdimen 11\font
(fontspec)             =3.59999pt\relax \fontdimen 12\font =8.04pt\relax
(fontspec)             \fontdimen 13\font =0pt\relax 

LaTeX Font Info:    Encoding `OMX' has changed to `TU' for symbol font
(Font)              `largesymbols' in the math version `normal' on input line 1
8.
LaTeX Font Info:    Overwriting symbol font `largesymbols' in version `normal'
(Font)                  OMX/cmex/m/n --> TU/STIXTwoMath(3)/m/n on input line 18
.
LaTeX Font Info:    Encoding `OMX' has changed to `TU' for symbol font
(Font)              `largesymbols' in the math version `bold' on input line 18.

LaTeX Font Info:    Overwriting symbol font `largesymbols' in version `bold'
(Font)                  OMX/cmex/m/n --> TU/STIXTwoMath(3)/b/n on input line 18
.
LaTeX Font Info:    Font shape `TU/STIXTwoMath(2)/m/n' will be
(Font)              scaled to size 12.00128pt on input line 18.
LaTeX Font Info:    Font shape `TU/STIXTwoMath(2)/m/n' will be
(Font)              scaled to size 8.40088pt on input line 18.
LaTeX Font Info:    Font shape `TU/STIXTwoMath(2)/m/n' will be
(Font)              scaled to size 6.60071pt on input line 18.
LaTeX Font Info:    Font shape `TU/STIXTwoMath(3)/m/n' will be
(Font)              scaled to size 11.99872pt on input line 18.
LaTeX Font Info:    Font shape `TU/STIXTwoMath(3)/m/n' will be
(Font)              scaled to size 8.3991pt on input line 18.
LaTeX Font Info:    Font shape `TU/STIXTwoMath(3)/m/n' will be
(Font)              scaled to size 6.59929pt on input line 18.
luaotfload | aux : font no 49 (nil) does not define feature smcp for script latn
 with language dflt
luaotfload | aux : font no 50 (nil) does not define feature smcp for script latn
 with language dflt
luaotfload | aux : font no 51 (nil) does not define feature smcp for script latn
 with language dflt

Package fontspec Info: Font family 'XITS(0)' created for font 'XITS' with
(fontspec)             options [Ligatures=TeX].
(fontspec)              
(fontspec)              This font family consists of the following NFSS
(fontspec)             series/shapes:
(fontspec)              
(fontspec)             - 'normal' (m/n) with NFSS spec.:
(fontspec)             <->"XITS:mode=node;script=latn;language=dflt;+tlig;"
(fontspec)             - 'small caps'  (m/sc) with NFSS spec.:
(fontspec)             <->"XITS:mode=node;script=latn;language=dflt;+tlig;+smcp
;"
(fontspec)             - 'bold' (b/n) with NFSS spec.:
(fontspec)             <->"XITS/B:mode=node;script=latn;language=dflt;+tlig;"
(fontspec)             - 'bold small caps'  (b/sc) with NFSS spec.: 
(fontspec)             - 'italic' (m/it) with NFSS spec.:
(fontspec)             <->"XITS/I:mode=node;script=latn;language=dflt;+tlig;"
(fontspec)             - 'italic small caps'  (m/scit) with NFSS spec.: 
(fontspec)             - 'bold italic' (b/it) with NFSS spec.:
(fontspec)             <->"XITS/BI:mode=node;script=latn;language=dflt;+tlig;"
(fontspec)             - 'bold italic small caps'  (b/scit) with NFSS spec.: 

luaotfload | aux : font no 59 (nil) does not define feature smcp for script latn
 with language dflt
luaotfload | aux : font no 60 (nil) does not define feature smcp for script latn
 with language dflt
luaotfload | aux : font no 61 (nil) does not define feature smcp for script latn
 with language dflt

Package fontspec Info: Font family 'XITS(1)' created for font 'XITS' with
(fontspec)             options [Renderer=Basic].
(fontspec)              
(fontspec)              This font family consists of the following NFSS
(fontspec)             series/shapes:
(fontspec)              
(fontspec)             - 'normal' (m/n) with NFSS spec.:
(fontspec)             <->"XITS:mode=base;script=latn;language=dflt;"
(fontspec)             - 'small caps'  (m/sc) with NFSS spec.:
(fontspec)             <->"XITS:mode=base;script=latn;language=dflt;+smcp;"
(fontspec)             - 'bold' (b/n) with NFSS spec.:
(fontspec)             <->"XITS/B:mode=base;script=latn;language=dflt;"
(fontspec)             - 'bold small caps'  (b/sc) with NFSS spec.: 
(fontspec)             - 'italic' (m/it) with NFSS spec.:
(fontspec)             <->"XITS/I:mode=base;script=latn;language=dflt;"
(fontspec)             - 'italic small caps'  (m/scit) with NFSS spec.: 
(fontspec)             - 'bold italic' (b/it) with NFSS spec.:
(fontspec)             <->"XITS/BI:mode=base;script=latn;language=dflt;"
(fontspec)             - 'bold italic small caps'  (b/scit) with NFSS spec.: 

LaTeX Font Info:    Overwriting math alphabet `\mathrm' in version `normal'
(Font)                  TU/STIXTwoMath(1)/m/n --> TU/XITS(1)/m/n on input line 
20.
LaTeX Font Info:    Overwriting math alphabet `\mathit' in version `normal'
(Font)                  OT1/cmr/m/it --> TU/XITS(1)/m/it on input line 20.
LaTeX Font Info:    Overwriting math alphabet `\mathbf' in version `normal'
(Font)                  OT1/cmr/bx/n --> TU/XITS(1)/b/n on input line 20.

Package fontspec Info: Font family 'TEXGyreHeros(0)' created for font 'TEX
(fontspec)             Gyre Heros' with options [Ligatures=TeX].
(fontspec)              
(fontspec)              This font family consists of the following NFSS
(fontspec)             series/shapes:
(fontspec)              
(fontspec)             - 'normal' (m/n) with NFSS spec.:
(fontspec)             <->"TEXGyreHeros:mode=node;script=latn;language=dflt;+tl
ig;"
(fontspec)             - 'small caps'  (m/sc) with NFSS spec.:
(fontspec)             <->"TEXGyreHeros:mode=node;script=latn;language=dflt;+tl
ig;+smcp;"
(fontspec)             - 'bold' (b/n) with NFSS spec.:
(fontspec)             <->"TEXGyreHeros/B:mode=node;script=latn;language=dflt;+
tlig;"
(fontspec)             - 'bold small caps'  (b/sc) with NFSS spec.:
(fontspec)             <->"TEXGyreHeros/B:mode=node;script=latn;language=dflt;+
tlig;+smcp;"
(fontspec)             - 'italic' (m/it) with NFSS spec.:
(fontspec)             <->"TEXGyreHeros/I:mode=node;script=latn;language=dflt;+
tlig;"
(fontspec)             - 'italic small caps'  (m/scit) with NFSS spec.:
(fontspec)             <->"TEXGyreHeros/I:mode=node;script=latn;language=dflt;+
tlig;+smcp;"
(fontspec)             - 'bold italic' (b/it) with NFSS spec.:
(fontspec)             <->"TEXGyreHeros/BI:mode=node;script=latn;language=dflt;
+tlig;"
(fontspec)             - 'bold italic small caps'  (b/scit) with NFSS spec.:
(fontspec)             <->"TEXGyreHeros/BI:mode=node;script=latn;language=dflt;
+tlig;+smcp;"


Package fontspec Info: Font family 'TEXGyreHeros(1)' created for font 'TEX
(fontspec)             Gyre Heros' with options [Renderer=Basic].
(fontspec)              
(fontspec)              This font family consists of the following NFSS
(fontspec)             series/shapes:
(fontspec)              
(fontspec)             - 'normal' (m/n) with NFSS spec.:
(fontspec)             <->"TEXGyreHeros:mode=base;script=latn;language=dflt;"
(fontspec)             - 'small caps'  (m/sc) with NFSS spec.:
(fontspec)             <->"TEXGyreHeros:mode=base;script=latn;language=dflt;+sm
cp;"
(fontspec)             - 'bold' (b/n) with NFSS spec.:
(fontspec)             <->"TEXGyreHeros/B:mode=base;script=latn;language=dflt;"

(fontspec)             - 'bold small caps'  (b/sc) with NFSS spec.:
(fontspec)             <->"TEXGyreHeros/B:mode=base;script=latn;language=dflt;+
smcp;"
(fontspec)             - 'italic' (m/it) with NFSS spec.:
(fontspec)             <->"TEXGyreHeros/I:mode=base;script=latn;language=dflt;"

(fontspec)             - 'italic small caps'  (m/scit) with NFSS spec.:
(fontspec)             <->"TEXGyreHeros/I:mode=base;script=latn;language=dflt;+
smcp;"
(fontspec)             - 'bold italic' (b/it) with NFSS spec.:
(fontspec)             <->"TEXGyreHeros/BI:mode=base;script=latn;language=dflt;
"
(fontspec)             - 'bold italic small caps'  (b/scit) with NFSS spec.:
(fontspec)             <->"TEXGyreHeros/BI:mode=base;script=latn;language=dflt;
+smcp;"

LaTeX Font Info:    Overwriting math alphabet `\mathsf' in version `normal'
(Font)                  OT1/cmss/m/n --> TU/TEXGyreHeros(1)/m/n on input line 2
2.
LaTeX Font Info:    Overwriting math alphabet `\mathsf' in version `bold'
(Font)                  OT1/cmss/bx/n --> TU/TEXGyreHeros(1)/b/n on input line 
22.
 (/usr/local/texlive/2023/texmf-dist/tex/latex/microtype/microtype.sty
Package: microtype 2023/03/13 v3.1a Micro-typographical refinements (RS)

(/usr/local/texlive/2023/texmf-dist/tex/latex/graphics/keyval.sty
Package: keyval 2022/05/29 v1.15 key=value parser (DPC)
\KV@toks@=\toks21
)
\MT@toks=\toks22
\MT@tempbox=\box54
\MT@count=\count285
LaTeX Info: Redefining \noprotrusionifhmode on input line 1059.
LaTeX Info: Redefining \leftprotrusion on input line 1060.
\MT@prot@toks=\toks23
LaTeX Info: Redefining \rightprotrusion on input line 1078.
LaTeX Info: Redefining \textls on input line 1368.
\MT@outer@kern=\dimen152
LaTeX Info: Redefining \textmicrotypecontext on input line 1988.
\MT@listname@count=\count286

(/usr/local/texlive/2023/texmf-dist/tex/latex/microtype/microtype-luatex.def
File: microtype-luatex.def 2023/03/13 v3.1a Definitions specific to luatex (RS)

Lua module: microtype 2023/03/13 3.1a microtype module.
Module microtype Info: overwriting function `keepligature' on input line 63
LaTeX Info: Redefining \lsstyle on input line 688.
LaTeX Info: Redefining \lslig on input line 688.
\MT@outer@space=\skip53
)
Package microtype Info: Loading configuration file microtype.cfg.

(/usr/local/texlive/2023/texmf-dist/tex/latex/microtype/microtype.cfg
File: microtype.cfg 2023/03/13 v3.1a microtype main configuration file (RS)
))
(/usr/local/texlive/2023/texmf-dist/tex/latex/carlisle/slashed.sty
Package: slashed 1997/01/16 v0.01 Feynman Slashed Character Notation (DPC)
)
(/usr/local/texlive/2023/texmf-dist/tex/latex/cite/cite.sty
LaTeX Info: Redefining \cite on input line 302.
LaTeX Info: Redefining \nocite on input line 332.
Package: cite 2015/02/27  v 5.5
)
(/usr/local/texlive/2023/texmf-dist/tex/latex/hyperref/hyperref.sty
Package: hyperref 2023-02-07 v7.00v Hypertext links for LaTeX

(/usr/local/texlive/2023/texmf-dist/tex/generic/ltxcmds/ltxcmds.sty
Package: ltxcmds 2020-05-10 v1.25 LaTeX kernel commands for general use (HO)
)
(/usr/local/texlive/2023/texmf-dist/tex/generic/iftex/iftex.sty
Package: iftex 2022/02/03 v1.0f TeX engine tests
)
(/usr/local/texlive/2023/texmf-dist/tex/generic/pdftexcmds/pdftexcmds.sty
Package: pdftexcmds 2020-06-27 v0.33 Utility functions of pdfTeX for LuaTeX (HO
)

(/usr/local/texlive/2023/texmf-dist/tex/generic/infwarerr/infwarerr.sty
Package: infwarerr 2019/12/03 v1.5 Providing info/warning/error messages (HO)
)
Package pdftexcmds Info: \pdf@primitive is available.
Package pdftexcmds Info: \pdf@ifprimitive is available.
Package pdftexcmds Info: \pdfdraftmode found.
\pdftexcmds@toks=\toks24
)
(/usr/local/texlive/2023/texmf-dist/tex/latex/kvsetkeys/kvsetkeys.sty
Package: kvsetkeys 2022-10-05 v1.19 Key value parser (HO)
)
(/usr/local/texlive/2023/texmf-dist/tex/generic/kvdefinekeys/kvdefinekeys.sty
Package: kvdefinekeys 2019-12-19 v1.6 Define keys (HO)
)
(/usr/local/texlive/2023/texmf-dist/tex/generic/pdfescape/pdfescape.sty
Package: pdfescape 2019/12/09 v1.15 Implements pdfTeX's escape features (HO)
)
(/usr/local/texlive/2023/texmf-dist/tex/latex/hycolor/hycolor.sty
Package: hycolor 2020-01-27 v1.10 Color options for hyperref/bookmark (HO)
)
(/usr/local/texlive/2023/texmf-dist/tex/latex/letltxmacro/letltxmacro.sty
Package: letltxmacro 2019/12/03 v1.6 Let assignment for LaTeX macros (HO)
)
(/usr/local/texlive/2023/texmf-dist/tex/latex/auxhook/auxhook.sty
Package: auxhook 2019-12-17 v1.6 Hooks for auxiliary files (HO)
)
(/usr/local/texlive/2023/texmf-dist/tex/latex/hyperref/nameref.sty
Package: nameref 2022-05-17 v2.50 Cross-referencing by name of section

(/usr/local/texlive/2023/texmf-dist/tex/latex/refcount/refcount.sty
Package: refcount 2019/12/15 v3.6 Data extraction from label references (HO)
)
(/usr/local/texlive/2023/texmf-dist/tex/generic/gettitlestring/gettitlestring.s
ty
Package: gettitlestring 2019/12/15 v1.6 Cleanup title references (HO)
 (/usr/local/texlive/2023/texmf-dist/tex/latex/kvoptions/kvoptions.sty
Package: kvoptions 2022-06-15 v3.15 Key value format for package options (HO)
))
\c@section@level=\count287
)
\@linkdim=\dimen153
\Hy@linkcounter=\count288
\Hy@pagecounter=\count289

(/usr/local/texlive/2023/texmf-dist/tex/latex/hyperref/pd1enc.def
File: pd1enc.def 2023-02-07 v7.00v Hyperref: PDFDocEncoding definition (HO)
)
(/usr/local/texlive/2023/texmf-dist/tex/generic/intcalc/intcalc.sty
Package: intcalc 2019/12/15 v1.3 Expandable calculations with integers (HO)
)
(/usr/local/texlive/2023/texmf-dist/tex/generic/etexcmds/etexcmds.sty
Package: etexcmds 2019/12/15 v1.7 Avoid name clashes with e-TeX commands (HO)
)
\Hy@SavedSpaceFactor=\count290

(/usr/local/texlive/2023/texmf-dist/tex/latex/hyperref/puenc.def
File: puenc.def 2023-02-07 v7.00v Hyperref: PDF Unicode definition (HO)
)
Package hyperref Info: Hyper figures OFF on input line 4177.
Package hyperref Info: Link nesting OFF on input line 4182.
Package hyperref Info: Hyper index ON on input line 4185.
Package hyperref Info: Plain pages OFF on input line 4192.
Package hyperref Info: Backreferencing OFF on input line 4197.
Package hyperref Info: Implicit mode ON; LaTeX internals redefined.
Package hyperref Info: Bookmarks ON on input line 4425.
\c@Hy@tempcnt=\count291

(/usr/local/texlive/2023/texmf-dist/tex/latex/url/url.sty
\Urlmuskip=\muskip18
Package: url 2013/09/16  ver 3.4  Verb mode for urls, etc.
)
LaTeX Info: Redefining \url on input line 4763.
\XeTeXLinkMargin=\dimen154

(/usr/local/texlive/2023/texmf-dist/tex/generic/bitset/bitset.sty
Package: bitset 2019/12/09 v1.3 Handle bit-vector datatype (HO)

(/usr/local/texlive/2023/texmf-dist/tex/generic/bigintcalc/bigintcalc.sty
Package: bigintcalc 2019/12/15 v1.5 Expandable calculations on big integers (HO
)
))
\Fld@menulength=\count292
\Field@Width=\dimen155
\Fld@charsize=\dimen156
Package hyperref Info: Hyper figures OFF on input line 6042.
Package hyperref Info: Link nesting OFF on input line 6047.
Package hyperref Info: Hyper index ON on input line 6050.
Package hyperref Info: backreferencing OFF on input line 6057.
Package hyperref Info: Link coloring OFF on input line 6062.
Package hyperref Info: Link coloring with OCG OFF on input line 6067.
Package hyperref Info: PDF/A mode OFF on input line 6072.

(/usr/local/texlive/2023/texmf-dist/tex/latex/base/atbegshi-ltx.sty
Package: atbegshi-ltx 2021/01/10 v1.0c Emulation of the original atbegshi
package with kernel methods
)
\Hy@abspage=\count293
\c@Item=\count294
\c@Hfootnote=\count295
)
Package hyperref Info: Driver (autodetected): hluatex.

(/usr/local/texlive/2023/texmf-dist/tex/latex/hyperref/hluatex.def
File: hluatex.def 2023-02-07 v7.00v Hyperref driver for luaTeX

(/usr/local/texlive/2023/texmf-dist/tex/generic/stringenc/stringenc.sty
Package: stringenc 2019/11/29 v1.12 Convert strings between diff. encodings (HO
)
)
(/usr/local/texlive/2023/texmf-dist/tex/latex/base/atveryend-ltx.sty
Package: atveryend-ltx 2020/08/19 v1.0a Emulation of the original atveryend pac
kage
with kernel methods
)
\Fld@listcount=\count296
\c@bookmark@seq@number=\count297

(/usr/local/texlive/2023/texmf-dist/tex/latex/rerunfilecheck/rerunfilecheck.sty
Package: rerunfilecheck 2022-07-10 v1.10 Rerun checks for auxiliary files (HO)

(/usr/local/texlive/2023/texmf-dist/tex/generic/uniquecounter/uniquecounter.sty
Package: uniquecounter 2019/12/15 v1.4 Provide unlimited unique counter (HO)
)
Package uniquecounter Info: New unique counter `rerunfilecheck' on input line 2
85.
)
\Hy@SectionHShift=\skip54
)
Package hyperref Info: Option `bookmarksnumbered' set `true' on input line 44.
Package hyperref Info: Option `unicode' set `true' on input line 44.
Package hyperref Info: Option `colorlinks' set `true' on input line 44.
 (/usr/local/texlive/2023/texmf-dist/tex/latex/mathtools/empheq.sty
Package: empheq 2017/03/31 v2.15 Emphasizing equations

(/usr/local/texlive/2023/texmf-dist/tex/latex/mathtools/mhsetup.sty
Package: mhsetup 2021/03/18 v1.4 programming setup (MH)
)
(/usr/local/texlive/2023/texmf-dist/tex/latex/mathtools/mathtools.sty
Package: mathtools 2022/06/29 v1.29 mathematical typesetting tools

(/usr/local/texlive/2023/texmf-dist/tex/latex/tools/calc.sty
Package: calc 2017/05/25 v4.3 Infix arithmetic (KKT,FJ)
\calc@Acount=\count298
\calc@Bcount=\count299
\calc@Adimen=\dimen157
\calc@Bdimen=\dimen158
\calc@Askip=\skip55
\calc@Bskip=\skip56
LaTeX Info: Redefining \setlength on input line 80.
LaTeX Info: Redefining \addtolength on input line 81.
\calc@Ccount=\count300
\calc@Cskip=\skip57
)

Package mathtools Warning: For best results, please load mathtools *before* 
(mathtools)                unicode-math on input line 126.

\g_MT_multlinerow_int=\count301
\l_MT_multwidth_dim=\dimen159
\origjot=\skip58
\l_MT_shortvdotswithinadjustabove_dim=\dimen160
\l_MT_shortvdotswithinadjustbelow_dim=\dimen161
\l_MT_above_intertext_sep=\dimen162
\l_MT_below_intertext_sep=\dimen163
\l_MT_above_shortintertext_sep=\dimen164
\l_MT_below_shortintertext_sep=\dimen165
\xmathstrut@box=\box55
\xmathstrut@dim=\dimen166
)
\l_EQ_equationtype_int=\count302
\l_EQ_alignmentmode_int=\count303
\l_EQ_totalwidth_dim=\dimen167
\l_EQ_displaywidth_dim=\dimen168
\l_EQ_temp_linewidth_dim=\dimen169
\l_EQ_linewidth_dim=\dimen170
\EmphEqdelimitershortfall=\dimen171
\EmphEqdelimiterfactor=\count304
\g_EQ_toptag_height_dim=\dimen172
\g_EQ_bottomtag_depth_dim=\dimen173
\g_EQ_toprow_height_dim=\dimen174
\g_EQ_bottomrow_depth_dim=\dimen175
\g_EQ_widesttag_dim=\dimen176
\EQ_mathdisplay_box=\box56
\EQ_tag_box=\box57
\g_EQ_temprow_int=\count305
) (/usr/local/texlive/2023/texmf-dist/tex/latex/tcolorbox/tcolorbox.sty
Package: tcolorbox 2023/02/12 version 6.0.1 text color boxes

(/usr/local/texlive/2023/texmf-dist/tex/latex/pgf/basiclayer/pgf.sty
(/usr/local/texlive/2023/texmf-dist/tex/latex/pgf/utilities/pgfrcs.sty
(/usr/local/texlive/2023/texmf-dist/tex/generic/pgf/utilities/pgfutil-common.te
x
\pgfutil@everybye=\toks25
\pgfutil@tempdima=\dimen177
\pgfutil@tempdimb=\dimen178
)
(/usr/local/texlive/2023/texmf-dist/tex/generic/pgf/utilities/pgfutil-latex.def
\pgfutil@abb=\box58
) (/usr/local/texlive/2023/texmf-dist/tex/generic/pgf/utilities/pgfrcs.code.tex
(/usr/local/texlive/2023/texmf-dist/tex/generic/pgf/pgf.revision.tex)
Package: pgfrcs 2023-01-15 v3.1.10 (3.1.10)
))
Package: pgf 2023-01-15 v3.1.10 (3.1.10)

(/usr/local/texlive/2023/texmf-dist/tex/latex/pgf/basiclayer/pgfcore.sty
(/usr/local/texlive/2023/texmf-dist/tex/latex/graphics/graphicx.sty
Package: graphicx 2021/09/16 v1.2d Enhanced LaTeX Graphics (DPC,SPQR)

(/usr/local/texlive/2023/texmf-dist/tex/latex/graphics/graphics.sty
Package: graphics 2022/03/10 v1.4e Standard LaTeX Graphics (DPC,SPQR)

(/usr/local/texlive/2023/texmf-dist/tex/latex/graphics/trig.sty
Package: trig 2021/08/11 v1.11 sin cos tan (DPC)
)
(/usr/local/texlive/2023/texmf-dist/tex/latex/graphics-cfg/graphics.cfg
File: graphics.cfg 2016/06/04 v1.11 sample graphics configuration
)
Package graphics Info: Driver file: luatex.def on input line 107.

(/usr/local/texlive/2023/texmf-dist/tex/latex/graphics-def/luatex.def
File: luatex.def 2022/09/22 v1.2d Graphics/color driver for luatex
))
\Gin@req@height=\dimen179
\Gin@req@width=\dimen180
)
(/usr/local/texlive/2023/texmf-dist/tex/latex/pgf/systemlayer/pgfsys.sty
(/usr/local/texlive/2023/texmf-dist/tex/generic/pgf/systemlayer/pgfsys.code.tex
Package: pgfsys 2023-01-15 v3.1.10 (3.1.10)
(/usr/local/texlive/2023/texmf-dist/tex/generic/pgf/utilities/pgfkeys.code.tex
\pgfkeys@pathtoks=\toks26
\pgfkeys@temptoks=\toks27

(/usr/local/texlive/2023/texmf-dist/tex/generic/pgf/utilities/pgfkeyslibraryfil
tered.code.tex
\pgfkeys@tmptoks=\toks28
))
\pgf@x=\dimen181
\pgf@y=\dimen182
\pgf@xa=\dimen183
\pgf@ya=\dimen184
\pgf@xb=\dimen185
\pgf@yb=\dimen186
\pgf@xc=\dimen187
\pgf@yc=\dimen188
\pgf@xd=\dimen189
\pgf@yd=\dimen190
\w@pgf@writea=\write3
\r@pgf@reada=\read2
\c@pgf@counta=\count306
\c@pgf@countb=\count307
\c@pgf@countc=\count308
\c@pgf@countd=\count309
\t@pgf@toka=\toks29
\t@pgf@tokb=\toks30
\t@pgf@tokc=\toks31
\pgf@sys@id@count=\count310

(/usr/local/texlive/2023/texmf-dist/tex/generic/pgf/systemlayer/pgf.cfg
File: pgf.cfg 2023-01-15 v3.1.10 (3.1.10)
)
Driver file for pgf: pgfsys-luatex.def

(/usr/local/texlive/2023/texmf-dist/tex/generic/pgf/systemlayer/pgfsys-luatex.d
ef
File: pgfsys-luatex.def 2023-01-15 v3.1.10 (3.1.10)

(/usr/local/texlive/2023/texmf-dist/tex/generic/pgf/systemlayer/pgfsys-common-p
df.def
File: pgfsys-common-pdf.def 2023-01-15 v3.1.10 (3.1.10)
)))
(/usr/local/texlive/2023/texmf-dist/tex/generic/pgf/systemlayer/pgfsyssoftpath.
code.tex
File: pgfsyssoftpath.code.tex 2023-01-15 v3.1.10 (3.1.10)
\pgfsyssoftpath@smallbuffer@items=\count311
\pgfsyssoftpath@bigbuffer@items=\count312
)
(/usr/local/texlive/2023/texmf-dist/tex/generic/pgf/systemlayer/pgfsysprotocol.
code.tex
File: pgfsysprotocol.code.tex 2023-01-15 v3.1.10 (3.1.10)
)) (/usr/local/texlive/2023/texmf-dist/tex/latex/xcolor/xcolor.sty
Package: xcolor 2022/06/12 v2.14 LaTeX color extensions (UK)

(/usr/local/texlive/2023/texmf-dist/tex/latex/graphics-cfg/color.cfg
File: color.cfg 2016/01/02 v1.6 sample color configuration
)
Package xcolor Info: Driver file: luatex.def on input line 227.

(/usr/local/texlive/2023/texmf-dist/tex/latex/graphics/mathcolor.ltx)
Package xcolor Info: Model `cmy' substituted by `cmy0' on input line 1353.
Package xcolor Info: Model `hsb' substituted by `rgb' on input line 1357.
Package xcolor Info: Model `RGB' extended on input line 1369.
Package xcolor Info: Model `HTML' substituted by `rgb' on input line 1371.
Package xcolor Info: Model `Hsb' substituted by `hsb' on input line 1372.
Package xcolor Info: Model `tHsb' substituted by `hsb' on input line 1373.
Package xcolor Info: Model `HSB' substituted by `hsb' on input line 1374.
Package xcolor Info: Model `Gray' substituted by `gray' on input line 1375.
Package xcolor Info: Model `wave' substituted by `hsb' on input line 1376.
)
(/usr/local/texlive/2023/texmf-dist/tex/generic/pgf/basiclayer/pgfcore.code.tex
Package: pgfcore 2023-01-15 v3.1.10 (3.1.10)
(/usr/local/texlive/2023/texmf-dist/tex/generic/pgf/math/pgfmath.code.tex
(/usr/local/texlive/2023/texmf-dist/tex/generic/pgf/math/pgfmathutil.code.tex)
(/usr/local/texlive/2023/texmf-dist/tex/generic/pgf/math/pgfmathparser.code.tex
\pgfmath@dimen=\dimen191
\pgfmath@count=\count313
\pgfmath@box=\box59
\pgfmath@toks=\toks32
\pgfmath@stack@operand=\toks33
\pgfmath@stack@operation=\toks34
)
(/usr/local/texlive/2023/texmf-dist/tex/generic/pgf/math/pgfmathfunctions.code.
tex)
(/usr/local/texlive/2023/texmf-dist/tex/generic/pgf/math/pgfmathfunctions.basic
.code.tex)
(/usr/local/texlive/2023/texmf-dist/tex/generic/pgf/math/pgfmathfunctions.trigo
nometric.code.tex)
(/usr/local/texlive/2023/texmf-dist/tex/generic/pgf/math/pgfmathfunctions.rando
m.code.tex)
(/usr/local/texlive/2023/texmf-dist/tex/generic/pgf/math/pgfmathfunctions.compa
rison.code.tex)
(/usr/local/texlive/2023/texmf-dist/tex/generic/pgf/math/pgfmathfunctions.base.
code.tex)
(/usr/local/texlive/2023/texmf-dist/tex/generic/pgf/math/pgfmathfunctions.round
.code.tex)
(/usr/local/texlive/2023/texmf-dist/tex/generic/pgf/math/pgfmathfunctions.misc.
code.tex)
(/usr/local/texlive/2023/texmf-dist/tex/generic/pgf/math/pgfmathfunctions.integ
erarithmetics.code.tex)
(/usr/local/texlive/2023/texmf-dist/tex/generic/pgf/math/pgfmathcalc.code.tex)
(/usr/local/texlive/2023/texmf-dist/tex/generic/pgf/math/pgfmathfloat.code.tex
\c@pgfmathroundto@lastzeros=\count314
)) (/usr/local/texlive/2023/texmf-dist/tex/generic/pgf/math/pgfint.code.tex)
(/usr/local/texlive/2023/texmf-dist/tex/generic/pgf/basiclayer/pgfcorepoints.co
de.tex
File: pgfcorepoints.code.tex 2023-01-15 v3.1.10 (3.1.10)
\pgf@picminx=\dimen192
\pgf@picmaxx=\dimen193
\pgf@picminy=\dimen194
\pgf@picmaxy=\dimen195
\pgf@pathminx=\dimen196
\pgf@pathmaxx=\dimen197
\pgf@pathminy=\dimen198
\pgf@pathmaxy=\dimen199
\pgf@xx=\dimen256
\pgf@xy=\dimen257
\pgf@yx=\dimen258
\pgf@yy=\dimen259
\pgf@zx=\dimen260
\pgf@zy=\dimen261
)
(/usr/local/texlive/2023/texmf-dist/tex/generic/pgf/basiclayer/pgfcorepathconst
ruct.code.tex
File: pgfcorepathconstruct.code.tex 2023-01-15 v3.1.10 (3.1.10)
\pgf@path@lastx=\dimen262
\pgf@path@lasty=\dimen263
)
(/usr/local/texlive/2023/texmf-dist/tex/generic/pgf/basiclayer/pgfcorepathusage
.code.tex
File: pgfcorepathusage.code.tex 2023-01-15 v3.1.10 (3.1.10)
\pgf@shorten@end@additional=\dimen264
\pgf@shorten@start@additional=\dimen265
)
(/usr/local/texlive/2023/texmf-dist/tex/generic/pgf/basiclayer/pgfcorescopes.co
de.tex
File: pgfcorescopes.code.tex 2023-01-15 v3.1.10 (3.1.10)
\pgfpic=\box60
\pgf@hbox=\box61
\pgf@layerbox@main=\box62
\pgf@picture@serial@count=\count315
)
(/usr/local/texlive/2023/texmf-dist/tex/generic/pgf/basiclayer/pgfcoregraphicst
ate.code.tex
File: pgfcoregraphicstate.code.tex 2023-01-15 v3.1.10 (3.1.10)
\pgflinewidth=\dimen266
)
(/usr/local/texlive/2023/texmf-dist/tex/generic/pgf/basiclayer/pgfcoretransform
ations.code.tex
File: pgfcoretransformations.code.tex 2023-01-15 v3.1.10 (3.1.10)
\pgf@pt@x=\dimen267
\pgf@pt@y=\dimen268
\pgf@pt@temp=\dimen269
)
(/usr/local/texlive/2023/texmf-dist/tex/generic/pgf/basiclayer/pgfcorequick.cod
e.tex
File: pgfcorequick.code.tex 2023-01-15 v3.1.10 (3.1.10)
)
(/usr/local/texlive/2023/texmf-dist/tex/generic/pgf/basiclayer/pgfcoreobjects.c
ode.tex
File: pgfcoreobjects.code.tex 2023-01-15 v3.1.10 (3.1.10)
)
(/usr/local/texlive/2023/texmf-dist/tex/generic/pgf/basiclayer/pgfcorepathproce
ssing.code.tex
File: pgfcorepathprocessing.code.tex 2023-01-15 v3.1.10 (3.1.10)
)
(/usr/local/texlive/2023/texmf-dist/tex/generic/pgf/basiclayer/pgfcorearrows.co
de.tex
File: pgfcorearrows.code.tex 2023-01-15 v3.1.10 (3.1.10)
\pgfarrowsep=\dimen270
)
(/usr/local/texlive/2023/texmf-dist/tex/generic/pgf/basiclayer/pgfcoreshade.cod
e.tex
File: pgfcoreshade.code.tex 2023-01-15 v3.1.10 (3.1.10)
\pgf@max=\dimen271
\pgf@sys@shading@range@num=\count316
\pgf@shadingcount=\count317
)
(/usr/local/texlive/2023/texmf-dist/tex/generic/pgf/basiclayer/pgfcoreimage.cod
e.tex
File: pgfcoreimage.code.tex 2023-01-15 v3.1.10 (3.1.10)
)
(/usr/local/texlive/2023/texmf-dist/tex/generic/pgf/basiclayer/pgfcoreexternal.
code.tex
File: pgfcoreexternal.code.tex 2023-01-15 v3.1.10 (3.1.10)
\pgfexternal@startupbox=\box63
)
(/usr/local/texlive/2023/texmf-dist/tex/generic/pgf/basiclayer/pgfcorelayers.co
de.tex
File: pgfcorelayers.code.tex 2023-01-15 v3.1.10 (3.1.10)
)
(/usr/local/texlive/2023/texmf-dist/tex/generic/pgf/basiclayer/pgfcoretranspare
ncy.code.tex
File: pgfcoretransparency.code.tex 2023-01-15 v3.1.10 (3.1.10)
)
(/usr/local/texlive/2023/texmf-dist/tex/generic/pgf/basiclayer/pgfcorepatterns.
code.tex
File: pgfcorepatterns.code.tex 2023-01-15 v3.1.10 (3.1.10)
)
(/usr/local/texlive/2023/texmf-dist/tex/generic/pgf/basiclayer/pgfcorerdf.code.
tex
File: pgfcorerdf.code.tex 2023-01-15 v3.1.10 (3.1.10)
)))
(/usr/local/texlive/2023/texmf-dist/tex/generic/pgf/modules/pgfmoduleshapes.cod
e.tex
File: pgfmoduleshapes.code.tex 2023-01-15 v3.1.10 (3.1.10)
\pgfnodeparttextbox=\box64
)
(/usr/local/texlive/2023/texmf-dist/tex/generic/pgf/modules/pgfmoduleplot.code.
tex
File: pgfmoduleplot.code.tex 2023-01-15 v3.1.10 (3.1.10)
)
(/usr/local/texlive/2023/texmf-dist/tex/latex/pgf/compatibility/pgfcomp-version
-0-65.sty
Package: pgfcomp-version-0-65 2023-01-15 v3.1.10 (3.1.10)
\pgf@nodesepstart=\dimen272
\pgf@nodesepend=\dimen273
)
(/usr/local/texlive/2023/texmf-dist/tex/latex/pgf/compatibility/pgfcomp-version
-1-18.sty
Package: pgfcomp-version-1-18 2023-01-15 v3.1.10 (3.1.10)
)) (/usr/local/texlive/2023/texmf-dist/tex/latex/tools/verbatim.sty
Package: verbatim 2022-07-02 v1.5u LaTeX2e package for verbatim enhancements
\every@verbatim=\toks35
\verbatim@line=\toks36
\verbatim@in@stream=\read3
)
(/usr/local/texlive/2023/texmf-dist/tex/latex/environ/environ.sty
Package: environ 2014/05/04 v0.3 A new way to define environments

(/usr/local/texlive/2023/texmf-dist/tex/latex/trimspaces/trimspaces.sty
Package: trimspaces 2009/09/17 v1.1 Trim spaces around a token list
))
\tcb@titlebox=\box65
\tcb@upperbox=\box66
\tcb@lowerbox=\box67
\tcb@phantombox=\box68
\c@tcbbreakpart=\count318
\c@tcblayer=\count319
\c@tcolorbox@number=\count320
\tcb@temp=\box69
\tcb@temp=\box70
\tcb@temp=\box71
\tcb@temp=\box72

(/usr/local/texlive/2023/texmf-dist/tex/latex/tcolorbox/tcbraster.code.tex
Library (tcolorbox): 'tcbraster.code.tex' version '6.0.1'
\c@tcbrastercolumn=\count321
\c@tcbrasterrow=\count322
\c@tcbrasternum=\count323
\c@tcbraster=\count324
) (/usr/local/texlive/2023/texmf-dist/tex/latex/tcolorbox/tcbskins.code.tex
Library (tcolorbox): 'tcbskins.code.tex' version '6.0.1'
(/usr/local/texlive/2023/texmf-dist/tex/latex/pgf/frontendlayer/tikz.sty
(/usr/local/texlive/2023/texmf-dist/tex/latex/pgf/utilities/pgffor.sty
(/usr/local/texlive/2023/texmf-dist/tex/latex/pgf/utilities/pgfkeys.sty
(/usr/local/texlive/2023/texmf-dist/tex/generic/pgf/utilities/pgfkeys.code.tex))
 (/usr/local/texlive/2023/texmf-dist/tex/latex/pgf/math/pgfmath.sty
(/usr/local/texlive/2023/texmf-dist/tex/generic/pgf/math/pgfmath.code.tex))
(/usr/local/texlive/2023/texmf-dist/tex/generic/pgf/utilities/pgffor.code.tex
Package: pgffor 2023-01-15 v3.1.10 (3.1.10)
\pgffor@iter=\dimen274
\pgffor@skip=\dimen275
\pgffor@stack=\toks37
\pgffor@toks=\toks38
))
(/usr/local/texlive/2023/texmf-dist/tex/generic/pgf/frontendlayer/tikz/tikz.cod
e.tex
Package: tikz 2023-01-15 v3.1.10 (3.1.10)

(/usr/local/texlive/2023/texmf-dist/tex/generic/pgf/libraries/pgflibraryplothan
dlers.code.tex
File: pgflibraryplothandlers.code.tex 2023-01-15 v3.1.10 (3.1.10)
\pgf@plot@mark@count=\count325
\pgfplotmarksize=\dimen276
)
\tikz@lastx=\dimen277
\tikz@lasty=\dimen278
\tikz@lastxsaved=\dimen279
\tikz@lastysaved=\dimen280
\tikz@lastmovetox=\dimen281
\tikz@lastmovetoy=\dimen282
\tikzleveldistance=\dimen283
\tikzsiblingdistance=\dimen284
\tikz@figbox=\box73
\tikz@figbox@bg=\box74
\tikz@tempbox=\box75
\tikz@tempbox@bg=\box76
\tikztreelevel=\count326
\tikznumberofchildren=\count327
\tikznumberofcurrentchild=\count328
\tikz@fig@count=\count329

(/usr/local/texlive/2023/texmf-dist/tex/generic/pgf/modules/pgfmodulematrix.cod
e.tex
File: pgfmodulematrix.code.tex 2023-01-15 v3.1.10 (3.1.10)
\pgfmatrixcurrentrow=\count330
\pgfmatrixcurrentcolumn=\count331
\pgf@matrix@numberofcolumns=\count332
)
\tikz@expandcount=\count333

(/usr/local/texlive/2023/texmf-dist/tex/generic/pgf/frontendlayer/tikz/librarie
s/tikzlibrarytopaths.code.tex
File: tikzlibrarytopaths.code.tex 2023-01-15 v3.1.10 (3.1.10)
)))
(/usr/local/texlive/2023/texmf-dist/tex/latex/tikzfill/tikzfill.image.sty
Package: tikzfill.image 2022/07/20 v1.0.0 Image filling library for TikZ

(/usr/local/texlive/2023/texmf-dist/tex/latex/tikzfill/tikzfill-common.sty
Package: tikzfill-common 2022/07/20 v1.0.0 Auxiliary code for tikzfill
)
(/usr/local/texlive/2023/texmf-dist/tex/latex/tikzfill/tikzlibraryfill.image.co
de.tex
File: tikzlibraryfill.image.code.tex 2022/07/20 v1.0.0 Image filling library
\l__tikzfill_img_box=\box77
))
(/usr/local/texlive/2023/texmf-dist/tex/latex/tcolorbox/tcbskinsjigsaw.code.tex
Library (tcolorbox): 'tcbskinsjigsaw.code.tex' version '6.0.1'
))
(/usr/local/texlive/2023/texmf-dist/tex/latex/tcolorbox/tcbbreakable.code.tex
Library (tcolorbox): 'tcbbreakable.code.tex' version '6.0.1'
(/usr/local/texlive/2023/texmf-dist/tex/latex/pdfcol/pdfcol.sty
Package: pdfcol 2022-09-21 v1.7 Handle new color stacks for pdfTeX (HO)
)
Package pdfcol Info: New color stack `tcb@breakable' = 1 on input line 23.
\tcb@testbox=\box78
\tcb@totalupperbox=\box79
\tcb@totallowerbox=\box80

(/usr/local/texlive/2023/texmf-dist/tex/generic/iftex/ifluatex.sty
Package: ifluatex 2019/10/25 v1.5 ifluatex legacy package. Use iftex instead.
))
(/usr/local/texlive/2023/texmf-dist/tex/latex/tcolorbox/tcbhooks.code.tex
Library (tcolorbox): 'tcbhooks.code.tex' version '6.0.1'
) (/usr/local/texlive/2023/texmf-dist/tex/latex/tcolorbox/tcbtheorems.code.tex
Library (tcolorbox): 'tcbtheorems.code.tex' version '6.0.1'
) (/usr/local/texlive/2023/texmf-dist/tex/latex/tcolorbox/tcbfitting.code.tex
Library (tcolorbox): 'tcbfitting.code.tex' version '6.0.1'
\tcbfitdim=\dimen285
\tcb@lowerfitdim=\dimen286
\tcb@upperfitdim=\dimen287
\tcb@cur@hbadness=\count334
)
(/usr/local/texlive/2023/texmf-dist/tex/latex/tcolorbox/tcblistingsutf8.code.te
x
Library (tcolorbox): 'tcblistingsutf8.code.tex' version '6.0.1'
(/usr/local/texlive/2023/texmf-dist/tex/latex/tcolorbox/tcblistings.code.tex
Library (tcolorbox): 'tcblistings.code.tex' version '6.0.1'
(/usr/local/texlive/2023/texmf-dist/tex/latex/listings/listings.sty
\lst@mode=\count335
\lst@gtempboxa=\box81
\lst@token=\toks39
\lst@length=\count336
\lst@currlwidth=\dimen288
\lst@column=\count337
\lst@pos=\count338
\lst@lostspace=\dimen289
\lst@width=\dimen290
\lst@newlines=\count339
\lst@lineno=\count340
\lst@maxwidth=\dimen291

(/usr/local/texlive/2023/texmf-dist/tex/latex/listings/lstmisc.sty
File: lstmisc.sty 2023/02/27 1.9 (Carsten Heinz)
\c@lstnumber=\count341
\lst@skipnumbers=\count342
\lst@framebox=\box82
)
(/usr/local/texlive/2023/texmf-dist/tex/latex/listings/listings.cfg
File: listings.cfg 2023/02/27 1.9 listings configuration
))
Package: listings 2023/02/27 1.9 (Carsten Heinz)

(/usr/local/texlive/2023/texmf-dist/tex/latex/tcolorbox/tcblistingscore.code.te
x
Library (tcolorbox): 'tcblistingscore.code.tex' version '6.0.1'
(/usr/local/texlive/2023/texmf-dist/tex/latex/tcolorbox/tcbprocessing.code.tex
Library (tcolorbox): 'tcbprocessing.code.tex' version '6.0.1'
(/usr/local/texlive/2023/texmf-dist/tex/latex/tools/shellesc.sty
Package: shellesc 2019/11/08 v1.0c unified shell escape interface for LaTeX
Package shellesc Info: Restricted shell escape enabled on input line 77.
))
\c@tcblisting=\count343
))
Package tcolorbox Info: Library `listingsutf8' is compatible with pdftex only. 
Library `listings` is loaded instead. on input line 29.
)
(/usr/local/texlive/2023/texmf-dist/tex/latex/tcolorbox/tcbexternal.code.tex
Library (tcolorbox): 'tcbexternal.code.tex' version '6.0.1'
) (/usr/local/texlive/2023/texmf-dist/tex/latex/tcolorbox/tcbmagazine.code.tex
Library (tcolorbox): 'tcbmagazine.code.tex' version '6.0.1'
) (/usr/local/texlive/2023/texmf-dist/tex/latex/tcolorbox/tcbvignette.code.tex
Library (tcolorbox): 'tcbvignette.code.tex' version '6.0.1'

(/usr/local/texlive/2023/texmf-dist/tex/generic/pgf/frontendlayer/tikz/librarie
s/tikzlibraryfadings.code.tex
File: tikzlibraryfadings.code.tex 2023-01-15 v3.1.10 (3.1.10)

(/usr/local/texlive/2023/texmf-dist/tex/generic/pgf/libraries/pgflibraryfadings
.code.tex
File: pgflibraryfadings.code.tex 2023-01-15 v3.1.10 (3.1.10)
)))
(/usr/local/texlive/2023/texmf-dist/tex/latex/tcolorbox/tcbposter.code.tex
Library (tcolorbox): 'tcbposter.code.tex' version '6.0.1'
)) (/usr/local/texlive/2023/texmf-dist/tex/latex/amscls/amsthm.sty
Package: amsthm 2020/05/29 v2.20.6
\thm@style=\toks40
\thm@bodyfont=\toks41
\thm@headfont=\toks42
\thm@notefont=\toks43
\thm@headpunct=\toks44
\thm@preskip=\skip59
\thm@postskip=\skip60
\thm@headsep=\skip61
\dth@everypar=\toks45
))
(/usr/local/texlive/2023/texmf-dist/tex/latex/placeins/placeins.sty
Package: placeins 2005/04/18  v 2.2
)
(/usr/local/texlive/2023/texmf-dist/tex/latex/base/makeidx.sty
Package: makeidx 2021/10/04 v1.0m Standard LaTeX package
)
(/usr/local/texlive/2023/texmf-dist/tex/latex/wrapfig/wrapfig.sty
\wrapoverhang=\dimen292
\WF@size=\dimen293
\c@WF@wrappedlines=\count344
\WF@box=\box83
\WF@everypar=\toks46
Package: wrapfig 2003/01/31  v 3.6
)
(/usr/local/texlive/2023/texmf-dist/tex/generic/pgf/frontendlayer/tikz/librarie
s/tikzlibraryscopes.code.tex
File: tikzlibraryscopes.code.tex 2023-01-15 v3.1.10 (3.1.10)
)
(/usr/local/texlive/2023/texmf-dist/tex/latex/enumitem/enumitem.sty
Package: enumitem 2019/06/20 v3.9 Customized lists
\labelindent=\skip62
\enit@outerparindent=\dimen294
\enit@toks=\toks47
\enit@inbox=\box84
\enit@count@id=\count345
\enitdp@description=\count346
)
\c@definition=\count347
\c@proposition=\count348
\c@lemma=\count349
\c@theorem=\count350
\c@corollary=\count351
\c@conjecture=\count352
\c@example=\count353
\c@result=\count354
\c@claim=\count355
\c@exercise=\count356
\c@problem=\count357

(./HonorsPhysicsTJ.aux)
\openout1 = HonorsPhysicsTJ.aux

LaTeX Font Info:    Checking defaults for OML/cmm/m/it on input line 92.
LaTeX Font Info:    ... okay on input line 92.
LaTeX Font Info:    Checking defaults for OMS/cmsy/m/n on input line 92.
LaTeX Font Info:    ... okay on input line 92.
LaTeX Font Info:    Checking defaults for OT1/cmr/m/n on input line 92.
LaTeX Font Info:    ... okay on input line 92.
LaTeX Font Info:    Checking defaults for T1/cmr/m/n on input line 92.
LaTeX Font Info:    ... okay on input line 92.
LaTeX Font Info:    Checking defaults for TS1/cmr/m/n on input line 92.
LaTeX Font Info:    ... okay on input line 92.
LaTeX Font Info:    Checking defaults for TU/lmr/m/n on input line 92.
LaTeX Font Info:    ... okay on input line 92.
LaTeX Font Info:    Checking defaults for OMX/cmex/m/n on input line 92.
LaTeX Font Info:    ... okay on input line 92.
LaTeX Font Info:    Checking defaults for U/cmr/m/n on input line 92.
LaTeX Font Info:    ... okay on input line 92.
LaTeX Font Info:    Checking defaults for PD1/pdf/m/n on input line 92.
LaTeX Font Info:    ... okay on input line 92.
LaTeX Font Info:    Checking defaults for PU/pdf/m/n on input line 92.
LaTeX Font Info:    ... okay on input line 92.
LaTeX Font Info:    Overwriting math alphabet `\mathtt' in version `normal'
(Font)                  OT1/cmtt/m/n --> TU/lmtt/m/n on input line 92.
LaTeX Font Info:    Overwriting math alphabet `\mathtt' in version `bold'
(Font)                  OT1/cmtt/m/n --> TU/lmtt/b/n on input line 92.


Package unicode-math Warning: Using \overbracket and \underbracket from
(unicode-math)                `mathtools' package.
(unicode-math)                 
(unicode-math)                 Use \Uoverbracket and \Uunderbracket for
(unicode-math)                original `unicode-math' definition.


Package unicode-math Warning: I'm going to overwrite the following commands
(unicode-math)                from the `mathtools' package: 
(unicode-math)                 
(unicode-math)                     \dblcolon, \coloneqq, \Coloneqq, \eqqcolon.
(unicode-math)                
(unicode-math)                 
(unicode-math)                 Note that since I won't overwrite the other
(unicode-math)                colon-like commands, using them will lead to
(unicode-math)                inconsistencies.

LaTeX Info: Redefining \microtypecontext on input line 92.
Package microtype Info: Applying patch `item' on input line 92.
Package microtype Info: Applying patch `toc' on input line 92.
Package microtype Info: Applying patch `eqnum' on input line 92.
Package microtype Info: Applying patch `footnote' on input line 92.
Package microtype Info: Applying patch `verbatim' on input line 92.
Package microtype Info: Generating PDF output.
Package microtype Info: Character protrusion enabled (level 2).
Package microtype Info: Using default protrusion set `alltext'.
Package microtype Info: Automatic font expansion enabled (level 2),
(microtype)             stretch: 20, shrink: 20, step: 1, non-selected.
Package microtype Info: Using default expansion set `alltext-nott'.
LaTeX Info: Redefining \showhyphens on input line 92.
Package microtype Info: No adjustment of tracking.
Package microtype Info: No adjustment of spacing.
Package microtype Info: No adjustment of kerning.
Package microtype Info: Loading generic protrusion settings for font family
(microtype)             `XITS' (encoding: TU).
(microtype)             For optimal results, create family-specific settings.
(microtype)             See the microtype manual for details.
Package hyperref Info: Link coloring ON on input line 92.
(./HonorsPhysicsTJ.out) (./HonorsPhysicsTJ.out)
\@outlinefile=\write4

\openout4 = HonorsPhysicsTJ.out

(/usr/local/texlive/2023/texmf-dist/tex/context/base/mkii/supp-pdf.mkii
[Loading MPS to PDF converter (version 2006.09.02).]
\scratchcounter=\count358
\scratchdimen=\dimen295
\scratchbox=\box85
\nofMPsegments=\count359
\nofMParguments=\count360
\everyMPshowfont=\toks48
\MPscratchCnt=\count361
\MPscratchDim=\dimen296
\MPnumerator=\count362
\makeMPintoPDFobject=\count363
\everyMPtoPDFconversion=\toks49
) (/usr/local/texlive/2023/texmf-dist/tex/latex/epstopdf-pkg/epstopdf-base.sty
Package: epstopdf-base 2020-01-24 v2.11 Base part for package epstopdf
Package epstopdf-base Info: Redefining graphics rule for `.eps' on input line 4
85.

(/usr/local/texlive/2023/texmf-dist/tex/latex/latexconfig/epstopdf-sys.cfg
File: epstopdf-sys.cfg 2010/07/13 v1.3 Configuration of (r)epstopdf for TeX Liv
e
))
\c@lstlisting=\count364
Inserting `combining_preprocessor' in `process_input_buffer'.
Package microtype Info: Loading generic protrusion settings for font family
(microtype)             `TEXGyreHeros' (encoding: TU).
(microtype)             For optimal results, create family-specific settings.
(microtype)             See the microtype manual for details.

(./HonorsPhysicsTJ.toc
Package microtype Info: Loading generic protrusion settings for font family
(microtype)             `STIXTwoMath' (encoding: TU).
(microtype)             For optimal results, create family-specific settings.
(microtype)             See the microtype manual for details.
LaTeX Font Info:    Font shape `TU/STIXTwoMath(2)/m/n' will be
(Font)              scaled to size 10.95116pt on input line 2.
LaTeX Font Info:    Font shape `TU/STIXTwoMath(2)/m/n' will be
(Font)              scaled to size 8.00085pt on input line 2.
LaTeX Font Info:    Font shape `TU/STIXTwoMath(2)/m/n' will be
(Font)              scaled to size 6.00064pt on input line 2.
LaTeX Font Info:    Font shape `TU/STIXTwoMath(3)/m/n' will be
(Font)              scaled to size 10.94882pt on input line 2.
LaTeX Font Info:    Font shape `TU/STIXTwoMath(3)/m/n' will be
(Font)              scaled to size 7.99915pt on input line 2.
LaTeX Font Info:    Font shape `TU/STIXTwoMath(3)/m/n' will be
(Font)              scaled to size 5.99936pt on input line 2.

(/usr/local/texlive/2023/texmf-dist/tex/latex/microtype/mt-cmr.cfg
File: mt-cmr.cfg 2013/05/19 v2.2 microtype config. file: Computer Modern Roman 
(RS)
) [1

{/usr/local/texlive/2023/texmf-var/fonts/map/pdftex/updmap/pdftex.map}])
\tf@toc=\write5

\openout5 = HonorsPhysicsTJ.toc
 [2]
LaTeX Font Info:    Font shape `TU/STIXTwoMath(2)/m/n' will be
(Font)              scaled to size 10.00107pt on input line 139.
LaTeX Font Info:    Font shape `TU/STIXTwoMath(2)/m/n' will be
(Font)              scaled to size 7.00075pt on input line 139.
LaTeX Font Info:    Font shape `TU/STIXTwoMath(2)/m/n' will be
(Font)              scaled to size 5.00053pt on input line 139.
LaTeX Font Info:    Font shape `TU/STIXTwoMath(3)/m/n' will be
(Font)              scaled to size 9.99893pt on input line 139.
LaTeX Font Info:    Font shape `TU/STIXTwoMath(3)/m/n' will be
(Font)              scaled to size 6.99925pt on input line 139.
LaTeX Font Info:    Font shape `TU/STIXTwoMath(3)/m/n' will be
(Font)              scaled to size 4.99947pt on input line 139.
 [3]
[4] [5]

LaTeX Warning: Reference `S:CenterOfMass' on page 6 undefined on input line 224
.

[6] [7] [8] [9] [10] [11]
</Users/wdlinch3/Dropbox/NoVa/TJHSST/Teaching/Physics/ClassNotes/Figures/Forces
/Book1.png, id=366, 201.75375pt x 93.34875pt>
File: /Users/wdlinch3/Dropbox/NoVa/TJHSST/Teaching/Physics/ClassNotes/Figures/F
orces/Book1.png Graphic file (type png)
<use /Users/wdlinch3/Dropbox/NoVa/TJHSST/Teaching/Physics/ClassNotes/Figures/Fo
rces/Book1.png>
Package luatex.def Info: /Users/wdlinch3/Dropbox/NoVa/TJHSST/Teaching/Physics/C
lassNotes/Figures/Forces/Book1.png  used on input line 409.
(luatex.def)             Requested size: 122.98956pt x 56.9055pt.
 [12</Users/wdlinch3/Dropbox/NoVa/TJHSST/Teaching/Physics/ClassNotes/Figures/For
ces/Book1.png>]
</Users/wdlinch3/Dropbox/NoVa/TJHSST/Teaching/Physics/ClassNotes/Figures/Forces
/RampCart.png, id=375, 359.3425pt x 186.6975pt>
File: /Users/wdlinch3/Dropbox/NoVa/TJHSST/Teaching/Physics/ClassNotes/Figures/F
orces/RampCart.png Graphic file (type png)
<use /Users/wdlinch3/Dropbox/NoVa/TJHSST/Teaching/Physics/ClassNotes/Figures/Fo
rces/RampCart.png>
Package luatex.def Info: /Users/wdlinch3/Dropbox/NoVa/TJHSST/Teaching/Physics/C
lassNotes/Figures/Forces/RampCart.png  used on input line 441.
(luatex.def)             Requested size: 219.05603pt x 113.81102pt.

Overfull \hbox (7.66772pt too wide) in paragraph at lines 441--441
 [] 
 []


Package wrapfig Warning: Collision between wrapping environments on input line 
448.

</Users/wdlinch3/Dropbox/NoVa/TJHSST/Teaching/Physics/ClassNotes/Figures/Forces
/RampCartFBD.png, id=376, 275.0275pt x 450.68375pt>
File: /Users/wdlinch3/Dropbox/NoVa/TJHSST/Teaching/Physics/ClassNotes/Figures/F
orces/RampCartFBD.png Graphic file (type png)
<use /Users/wdlinch3/Dropbox/NoVa/TJHSST/Teaching/Physics/ClassNotes/Figures/Fo
rces/RampCartFBD.png>
Package luatex.def Info: /Users/wdlinch3/Dropbox/NoVa/TJHSST/Teaching/Physics/C
lassNotes/Figures/Forces/RampCartFBD.png  used on input line 448.
(luatex.def)             Requested size: 86.81456pt x 142.26378pt.

Package wrapfig Warning: Stationary wrapfigure forced to float on input line 45
0.

[13</Users/wdlinch3/Dropbox/NoVa/TJHSST/Teaching/Physics/ClassNotes/Figures/Forc
es/RampCart.png></Users/wdlinch3/Dropbox/NoVa/TJHSST/Teaching/Physics/ClassNotes
/Figures/Forces/RampCartFBD.png>] [14]
</Users/wdlinch3/Dropbox/NoVa/TJHSST/Teaching/Physics/ClassNotes/Figures/Forces
/RampBook.png, id=391, 349.305pt x 209.78375pt>
File: /Users/wdlinch3/Dropbox/NoVa/TJHSST/Teaching/Physics/ClassNotes/Figures/F
orces/RampBook.png Graphic file (type png)
<use /Users/wdlinch3/Dropbox/NoVa/TJHSST/Teaching/Physics/ClassNotes/Figures/Fo
rces/RampBook.png>
Package luatex.def Info: /Users/wdlinch3/Dropbox/NoVa/TJHSST/Teaching/Physics/C
lassNotes/Figures/Forces/RampBook.png  used on input line 499.
(luatex.def)             Requested size: 189.50133pt x 113.81102pt.

Overfull \hbox (10.91333pt too wide) detected at line 506
\TU/STIXTwoMath(1)/m/n/12 −𝐹[] + 𝑚𝑔 [] 𝜃 = 𝑚𝑎[] = 0   ⇒  
 𝐹[] = 𝑚𝑔 [] 𝜃
 []

[15</Users/wdlinch3/Dropbox/NoVa/TJHSST/Teaching/Physics/ClassNotes/Figures/Forc
es/RampBook.png>] [16]
</Users/wdlinch3/Dropbox/NoVa/TJHSST/Teaching/Physics/ClassNotes/Figures/Forces
/IdealPulley.png, id=405, 615.29875pt x 402.50375pt>
File: /Users/wdlinch3/Dropbox/NoVa/TJHSST/Teaching/Physics/ClassNotes/Figures/F
orces/IdealPulley.png Graphic file (type png)
<use /Users/wdlinch3/Dropbox/NoVa/TJHSST/Teaching/Physics/ClassNotes/Figures/Fo
rces/IdealPulley.png>
Package luatex.def Info: /Users/wdlinch3/Dropbox/NoVa/TJHSST/Teaching/Physics/C
lassNotes/Figures/Forces/IdealPulley.png  used on input line 568.
(luatex.def)             Requested size: 173.97243pt x 113.81102pt.
 [17]

Package wrapfig Warning: Collision between wrapping environments on input line 
576.

</Users/wdlinch3/Dropbox/NoVa/TJHSST/Teaching/Physics/ClassNotes/Figures/Forces
/PulleyPiano.png, id=413, 446.66875pt x 632.3625pt>
File: /Users/wdlinch3/Dropbox/NoVa/TJHSST/Teaching/Physics/ClassNotes/Figures/F
orces/PulleyPiano.png Graphic file (type png)
<use /Users/wdlinch3/Dropbox/NoVa/TJHSST/Teaching/Physics/ClassNotes/Figures/Fo
rces/PulleyPiano.png>
Package luatex.def Info: /Users/wdlinch3/Dropbox/NoVa/TJHSST/Teaching/Physics/C
lassNotes/Figures/Forces/PulleyPiano.png  used on input line 576.
(luatex.def)             Requested size: 160.78017pt x 227.62204pt.
[18</Users/wdlinch3/Dropbox/NoVa/TJHSST/Teaching/Physics/ClassNotes/Figures/Forc
es/IdealPulley.png></Users/wdlinch3/Dropbox/NoVa/TJHSST/Teaching/Physics/ClassNo
tes/Figures/Forces/PulleyPiano.png>]
</Users/wdlinch3/Dropbox/NoVa/TJHSST/Teaching/Physics/ClassNotes/Figures/Forces
/IdealSpring.png, id=429, 767.86874pt x 233.87375pt>
File: /Users/wdlinch3/Dropbox/NoVa/TJHSST/Teaching/Physics/ClassNotes/Figures/F
orces/IdealSpring.png Graphic file (type png)
<use /Users/wdlinch3/Dropbox/NoVa/TJHSST/Teaching/Physics/ClassNotes/Figures/Fo
rces/IdealSpring.png>
Package luatex.def Info: /Users/wdlinch3/Dropbox/NoVa/TJHSST/Teaching/Physics/C
lassNotes/Figures/Forces/IdealSpring.png  used on input line 597.
(luatex.def)             Requested size: 233.54935pt x 71.13188pt.
</Users/wdlinch3/Dropbox/NoVa/TJHSST/Teaching/Physics/ClassNotes/Figures/Forces
/RampSpring.png, id=430, 496.85625pt x 326.21875pt>
File: /Users/wdlinch3/Dropbox/NoVa/TJHSST/Teaching/Physics/ClassNotes/Figures/F
orces/RampSpring.png Graphic file (type png)
<use /Users/wdlinch3/Dropbox/NoVa/TJHSST/Teaching/Physics/ClassNotes/Figures/Fo
rces/RampSpring.png>
Package luatex.def Info: /Users/wdlinch3/Dropbox/NoVa/TJHSST/Teaching/Physics/C
lassNotes/Figures/Forces/RampSpring.png  used on input line 608.
(luatex.def)             Requested size: 216.68416pt x 142.26378pt.
 [19</Users/wdlinch3/Dropbox/NoVa/TJHSST/Teaching/Physics/ClassNotes/Figures/For
ces/IdealSpring.png></Users/wdlinch3/Dropbox/NoVa/TJHSST/Teaching/Physics/ClassN
otes/Figures/Forces/RampSpring.png>]
[20] [21] [22]
</Users/wdlinch3/Dropbox/NoVa/TJHSST/Teaching/Physics/ClassNotes/Figures/Forces
/Blocks1.png, id=476, 726.715pt x 268.00125pt>
File: /Users/wdlinch3/Dropbox/NoVa/TJHSST/Teaching/Physics/ClassNotes/Figures/F
orces/Blocks1.png Graphic file (type png)
<use /Users/wdlinch3/Dropbox/NoVa/TJHSST/Teaching/Physics/ClassNotes/Figures/Fo
rces/Blocks1.png>
Package luatex.def Info: /Users/wdlinch3/Dropbox/NoVa/TJHSST/Teaching/Physics/C
lassNotes/Figures/Forces/Blocks1.png  used on input line 669.
(luatex.def)             Requested size: 192.87794pt x 71.13188pt.


Package wrapfig Warning: Stationary wrapfigure forced to float on input line 67
2.

</Users/wdlinch3/Dropbox/NoVa/TJHSST/Teaching/Physics/ClassNotes/Figures/Forces
/Blocks1FBD.png, id=477, 804.00375pt x 423.5825pt>
File: /Users/wdlinch3/Dropbox/NoVa/TJHSST/Teaching/Physics/ClassNotes/Figures/F
orces/Blocks1FBD.png Graphic file (type png)
<use /Users/wdlinch3/Dropbox/NoVa/TJHSST/Teaching/Physics/ClassNotes/Figures/Fo
rces/Blocks1FBD.png>
Package luatex.def Info: /Users/wdlinch3/Dropbox/NoVa/TJHSST/Teaching/Physics/C
lassNotes/Figures/Forces/Blocks1FBD.png  used on input line 680.
(luatex.def)             Requested size: 270.033pt x 142.26378pt.
[23</Users/wdlinch3/Dropbox/NoVa/TJHSST/Teaching/Physics/ClassNotes/Figures/Forc
es/Blocks1.png></Users/wdlinch3/Dropbox/NoVa/TJHSST/Teaching/Physics/ClassNotes/
Figures/Forces/Blocks1FBD.png>]
</Users/wdlinch3/Dropbox/NoVa/TJHSST/Teaching/Physics/ClassNotes/Figures/Forces
/StopLight.png, id=488, 678.535pt x 710.655pt>
File: /Users/wdlinch3/Dropbox/NoVa/TJHSST/Teaching/Physics/ClassNotes/Figures/F
orces/StopLight.png Graphic file (type png)
<use /Users/wdlinch3/Dropbox/NoVa/TJHSST/Teaching/Physics/ClassNotes/Figures/Fo
rces/StopLight.png>
Package luatex.def Info: /Users/wdlinch3/Dropbox/NoVa/TJHSST/Teaching/Physics/C
lassNotes/Figures/Forces/StopLight.png  used on input line 692.
(luatex.def)             Requested size: 176.5806pt x 184.9429pt.
 [24</Users/wdlinch3/Dropbox/NoVa/TJHSST/Teaching/Physics/ClassNotes/Figures/For
ces/StopLight.png>]
</Users/wdlinch3/Dropbox/NoVa/TJHSST/Teaching/Physics/ClassNotes/Figures/Forces
/Atwood.png, id=497, 354.32375pt x 163.61125pt>
File: /Users/wdlinch3/Dropbox/NoVa/TJHSST/Teaching/Physics/ClassNotes/Figures/F
orces/Atwood.png Graphic file (type png)
<use /Users/wdlinch3/Dropbox/NoVa/TJHSST/Teaching/Physics/ClassNotes/Figures/Fo
rces/Atwood.png>
Package luatex.def Info: /Users/wdlinch3/Dropbox/NoVa/TJHSST/Teaching/Physics/C
lassNotes/Figures/Forces/Atwood.png  used on input line 719.
(luatex.def)             Requested size: 215.6668pt x 99.58464pt.

Overfull \hbox (4.27849pt too wide) in paragraph at lines 719--719
 [] 
 []

[25</Users/wdlinch3/Dropbox/NoVa/TJHSST/Teaching/Physics/ClassNotes/Figures/Forc
es/Atwood.png>]
</Users/wdlinch3/Dropbox/NoVa/TJHSST/Teaching/Physics/ClassNotes/Figures/Forces
/PulleyTable.png, id=505, 340.27126pt x 209.78375pt>
File: /Users/wdlinch3/Dropbox/NoVa/TJHSST/Teaching/Physics/ClassNotes/Figures/F
orces/PulleyTable.png Graphic file (type png)
<use /Users/wdlinch3/Dropbox/NoVa/TJHSST/Teaching/Physics/ClassNotes/Figures/Fo
rces/PulleyTable.png>
Package luatex.def Info: /Users/wdlinch3/Dropbox/NoVa/TJHSST/Teaching/Physics/C
lassNotes/Figures/Forces/PulleyTable.png  used on input line 772.
(luatex.def)             Requested size: 207.67938pt x 128.0374pt.
 [26</Users/wdlinch3/Dropbox/NoVa/TJHSST/Teaching/Physics/ClassNotes/Figures/For
ces/PulleyTable.png>]
</Users/wdlinch3/Dropbox/NoVa/TJHSST/Teaching/Physics/ClassNotes/Figures/Forces
/FBDs.pdf, id=513, 738.16478pt x 428.01065pt>
File: /Users/wdlinch3/Dropbox/NoVa/TJHSST/Teaching/Physics/ClassNotes/Figures/F
orces/FBDs.pdf Graphic file (type pdf)
<use /Users/wdlinch3/Dropbox/NoVa/TJHSST/Teaching/Physics/ClassNotes/Figures/Fo
rces/FBDs.pdf>
Package luatex.def Info: /Users/wdlinch3/Dropbox/NoVa/TJHSST/Teaching/Physics/C
lassNotes/Figures/Forces/FBDs.pdf  used on input line 781.
(luatex.def)             Requested size: 245.35223pt x 142.26378pt.
 [27</Users/wdlinch3/Dropbox/NoVa/TJHSST/Teaching/Physics/ClassNotes/Figures/For
ces/FBDs.pdf>] [28]
</Users/wdlinch3/Dropbox/NoVa/TJHSST/Teaching/Physics/ClassNotes/Figures/Forces
/PulleyRamp.png, id=532, 372.39125pt x 197.73875pt>
File: /Users/wdlinch3/Dropbox/NoVa/TJHSST/Teaching/Physics/ClassNotes/Figures/F
orces/PulleyRamp.png Graphic file (type png)
<use /Users/wdlinch3/Dropbox/NoVa/TJHSST/Teaching/Physics/ClassNotes/Figures/Fo
rces/PulleyRamp.png>
Package luatex.def Info: /Users/wdlinch3/Dropbox/NoVa/TJHSST/Teaching/Physics/C
lassNotes/Figures/Forces/PulleyRamp.png  used on input line 876.
(luatex.def)             Requested size: 187.54185pt x 99.58464pt.
 [29]
</Users/wdlinch3/Dropbox/NoVa/TJHSST/Teaching/Physics/ClassNotes/Figures/Forces
/FBD2.png, id=543, 702.625pt x 457.71pt>
File: /Users/wdlinch3/Dropbox/NoVa/TJHSST/Teaching/Physics/ClassNotes/Figures/F
orces/FBD2.png Graphic file (type png)
<use /Users/wdlinch3/Dropbox/NoVa/TJHSST/Teaching/Physics/ClassNotes/Figures/Fo
rces/FBD2.png>
Package luatex.def Info: /Users/wdlinch3/Dropbox/NoVa/TJHSST/Teaching/Physics/C
lassNotes/Figures/Forces/FBD2.png  used on input line 894.
(luatex.def)             Requested size: 240.21877pt x 156.49014pt.
 [30</Users/wdlinch3/Dropbox/NoVa/TJHSST/Teaching/Physics/ClassNotes/Figures/For
ces/PulleyRamp.png></Users/wdlinch3/Dropbox/NoVa/TJHSST/Teaching/Physics/ClassNo
tes/Figures/Forces/FBD2.png>] [31] [32] [33] [34] [35] [36]
</Users/wdlinch3/Dropbox/NoVa/TJHSST/Teaching/Physics/ClassNotes/Figures/Forces
/ImpulseEnergy/Bullet&Block.png, id=613, 687.56876pt x 531.9875pt>
File: /Users/wdlinch3/Dropbox/NoVa/TJHSST/Teaching/Physics/ClassNotes/Figures/F
orces/ImpulseEnergy/Bullet&Block.png Graphic file (type png)
<use /Users/wdlinch3/Dropbox/NoVa/TJHSST/Teaching/Physics/ClassNotes/Figures/Fo
rces/ImpulseEnergy/Bullet&Block.png>
Package luatex.def Info: /Users/wdlinch3/Dropbox/NoVa/TJHSST/Teaching/Physics/C
lassNotes/Figures/Forces/ImpulseEnergy/Bullet&Block.png  used on input line 112
8.
(luatex.def)             Requested size: 202.254pt x 156.49014pt.
 [37</Users/wdlinch3/Dropbox/NoVa/TJHSST/Teaching/Physics/ClassNotes/Figures/For
ces/ImpulseEnergy/Bullet&Block.png>] [38] [39] [40] [41]
</Users/wdlinch3/Dropbox/NoVa/TJHSST/Teaching/Physics/ClassNotes/Figures/Forces
/ImpulseEnergy/Loop.png, id=679, 749.80125pt x 421.575pt>
File: /Users/wdlinch3/Dropbox/NoVa/TJHSST/Teaching/Physics/ClassNotes/Figures/F
orces/ImpulseEnergy/Loop.png Graphic file (type png)
<use /Users/wdlinch3/Dropbox/NoVa/TJHSST/Teaching/Physics/ClassNotes/Figures/Fo
rces/ImpulseEnergy/Loop.png>
Package luatex.def Info: /Users/wdlinch3/Dropbox/NoVa/TJHSST/Teaching/Physics/C
lassNotes/Figures/Forces/ImpulseEnergy/Loop.png  used on input line 1355.
(luatex.def)             Requested size: 177.11859pt x 99.58464pt.
 [42</Users/wdlinch3/Dropbox/NoVa/TJHSST/Teaching/Physics/ClassNotes/Figures/For
ces/ImpulseEnergy/Loop.png>] [43] [44] [45] [46]
</Users/wdlinch3/Dropbox/NoVa/TJHSST/Teaching/Physics/ClassNotes/Figures/Forces
/../MomentumEnergy/MassSpring.png, id=740, 432.61626pt x 620.3175pt>
File: /Users/wdlinch3/Dropbox/NoVa/TJHSST/Teaching/Physics/ClassNotes/Figures/F
orces/../MomentumEnergy/MassSpring.png Graphic file (type png)
<use /Users/wdlinch3/Dropbox/NoVa/TJHSST/Teaching/Physics/ClassNotes/Figures/Fo
rces/../MomentumEnergy/MassSpring.png>
Package luatex.def Info: /Users/wdlinch3/Dropbox/NoVa/TJHSST/Teaching/Physics/C
lassNotes/Figures/Forces/../MomentumEnergy/MassSpring.png  used on input line 1
520.
(luatex.def)             Requested size: 128.98053pt x 184.9429pt.


Package wrapfig Warning: Stationary wrapfigure forced to float on input line 15
23.


Package wrapfig Warning: Stationary wrapfigure forced to float on input line 15
25.


Package wrapfig Warning: Stationary wrapfigure forced to float on input line 15
26.


Package wrapfig Warning: Stationary wrapfigure forced to float on input line 15
27.


Package wrapfig Warning: Stationary wrapfigure forced to float on input line 15
28.

[47]
</Users/wdlinch3/Dropbox/NoVa/TJHSST/Teaching/Physics/ClassNotes/Figures/Forces
/../MomentumEnergy/Launcher.png, id=760, 806.01125pt x 710.655pt>
File: /Users/wdlinch3/Dropbox/NoVa/TJHSST/Teaching/Physics/ClassNotes/Figures/F
orces/../MomentumEnergy/Launcher.png Graphic file (type png)
<use /Users/wdlinch3/Dropbox/NoVa/TJHSST/Teaching/Physics/ClassNotes/Figures/Fo
rces/../MomentumEnergy/Launcher.png>
Package luatex.def Info: /Users/wdlinch3/Dropbox/NoVa/TJHSST/Teaching/Physics/C
lassNotes/Figures/Forces/../MomentumEnergy/Launcher.png  used on input line 159
1.
(luatex.def)             Requested size: 209.75476pt x 184.9429pt.


LaTeX Warning: `h' float specifier changed to `ht'.

[48</Users/wdlinch3/Dropbox/NoVa/TJHSST/Teaching/Physics/ClassNotes/Figures/Forc
es/../MomentumEnergy/MassSpring.png>] [49</Users/wdlinch3/Dropbox/NoVa/TJHSST/Te
aching/Physics/ClassNotes/Figures/Forces/../MomentumEnergy/Launcher.png>]
[50] [51]
</Users/wdlinch3/Dropbox/NoVa/TJHSST/Teaching/Physics/ClassNotes/Figures/Forces
/../MomentumEnergy/FrictionPulleyTable.png, id=805, 963.6pt x 722.7pt>
File: /Users/wdlinch3/Dropbox/NoVa/TJHSST/Teaching/Physics/ClassNotes/Figures/F
orces/../MomentumEnergy/FrictionPulleyTable.png Graphic file (type png)
<use /Users/wdlinch3/Dropbox/NoVa/TJHSST/Teaching/Physics/ClassNotes/Figures/Fo
rces/../MomentumEnergy/FrictionPulleyTable.png>
Package luatex.def Info: /Users/wdlinch3/Dropbox/NoVa/TJHSST/Teaching/Physics/C
lassNotes/Figures/Forces/../MomentumEnergy/FrictionPulleyTable.png  used on inp
ut line 1707.
(luatex.def)             Requested size: 246.5896pt x 184.9429pt.
 [52</Users/wdlinch3/Dropbox/NoVa/TJHSST/Teaching/Physics/ClassNotes/Figures/For
ces/../MomentumEnergy/FrictionPulleyTable.png>]
</Users/wdlinch3/Dropbox/NoVa/TJHSST/Teaching/Physics/ClassNotes/Figures/Forces
/../MomentumEnergy/BallisticPendulum.png, id=821, 847.165pt x 526.96875pt>
File: /Users/wdlinch3/Dropbox/NoVa/TJHSST/Teaching/Physics/ClassNotes/Figures/F
orces/../MomentumEnergy/BallisticPendulum.png Graphic file (type png)
<use /Users/wdlinch3/Dropbox/NoVa/TJHSST/Teaching/Physics/ClassNotes/Figures/Fo
rces/../MomentumEnergy/BallisticPendulum.png>
Package luatex.def Info: /Users/wdlinch3/Dropbox/NoVa/TJHSST/Teaching/Physics/C
lassNotes/Figures/Forces/../MomentumEnergy/BallisticPendulum.png  used on input
 line 1726.
(luatex.def)             Requested size: 251.57904pt x 156.49014pt.
 [53</Users/wdlinch3/Dropbox/NoVa/TJHSST/Teaching/Physics/ClassNotes/Figures/For
ces/../MomentumEnergy/BallisticPendulum.png>] [54] [55] [56] [57] [58] [59] [60
] [61] [62] [63]
[64] [65] [66] [67]
</Users/wdlinch3/Dropbox/NoVa/TJHSST/Teaching/Physics/ClassNotes/Figures/Forces
/../Rotations/See-Saw.png, id=963, 946.53625pt x 323.2075pt>
File: /Users/wdlinch3/Dropbox/NoVa/TJHSST/Teaching/Physics/ClassNotes/Figures/F
orces/../Rotations/See-Saw.png Graphic file (type png)
<use /Users/wdlinch3/Dropbox/NoVa/TJHSST/Teaching/Physics/ClassNotes/Figures/Fo
rces/../Rotations/See-Saw.png>
Package luatex.def Info: /Users/wdlinch3/Dropbox/NoVa/TJHSST/Teaching/Physics/C
lassNotes/Figures/Forces/../Rotations/See-Saw.png  used on input line 2263.
(luatex.def)             Requested size: 291.63228pt x 99.58464pt.
 [68</Users/wdlinch3/Dropbox/NoVa/TJHSST/Teaching/Physics/ClassNotes/Figures/For
ces/../Rotations/See-Saw.png>]
</Users/wdlinch3/Dropbox/NoVa/TJHSST/Teaching/Physics/ClassNotes/Figures/Forces
/../Rotations/ClayPlate.png, id=975, 469.755pt x 687.56876pt>
File: /Users/wdlinch3/Dropbox/NoVa/TJHSST/Teaching/Physics/ClassNotes/Figures/F
orces/../Rotations/ClayPlate.png Graphic file (type png)
<use /Users/wdlinch3/Dropbox/NoVa/TJHSST/Teaching/Physics/ClassNotes/Figures/Fo
rces/../Rotations/ClayPlate.png>
Package luatex.def Info: /Users/wdlinch3/Dropbox/NoVa/TJHSST/Teaching/Physics/C
lassNotes/Figures/Forces/../Rotations/ClayPlate.png  used on input line 2279.
(luatex.def)             Requested size: 106.91602pt x 156.49014pt.
 [69</Users/wdlinch3/Dropbox/NoVa/TJHSST/Teaching/Physics/ClassNotes/Figures/For
ces/../Rotations/ClayPlate.png>]
</Users/wdlinch3/Dropbox/NoVa/TJHSST/Teaching/Physics/ClassNotes/Figures/Forces
/../Rotations/Torque.png, id=989, 947.54pt x 365.365pt>
File: /Users/wdlinch3/Dropbox/NoVa/TJHSST/Teaching/Physics/ClassNotes/Figures/F
orces/../Rotations/Torque.png Graphic file (type png)
<use /Users/wdlinch3/Dropbox/NoVa/TJHSST/Teaching/Physics/ClassNotes/Figures/Fo
rces/../Rotations/Torque.png>
Package luatex.def Info: /Users/wdlinch3/Dropbox/NoVa/TJHSST/Teaching/Physics/C
lassNotes/Figures/Forces/../Rotations/Torque.png  used on input line 2332.
(luatex.def)             Requested size: 258.25374pt x 99.58464pt.

Overfull \hbox (46.86543pt too wide) in paragraph at lines 2332--2332
 [] 
 []

[70</Users/wdlinch3/Dropbox/NoVa/TJHSST/Teaching/Physics/ClassNotes/Figures/Forc
es/../Rotations/Torque.png>] [71]
</Users/wdlinch3/Dropbox/NoVa/TJHSST/Teaching/Physics/ClassNotes/Figures/Forces
/../Rotations/StickOnString.png, id=1006, 875.27pt x 636.3775pt>
File: /Users/wdlinch3/Dropbox/NoVa/TJHSST/Teaching/Physics/ClassNotes/Figures/F
orces/../Rotations/StickOnString.png Graphic file (type png)
<use /Users/wdlinch3/Dropbox/NoVa/TJHSST/Teaching/Physics/ClassNotes/Figures/Fo
rces/../Rotations/StickOnString.png>
Package luatex.def Info: /Users/wdlinch3/Dropbox/NoVa/TJHSST/Teaching/Physics/C
lassNotes/Figures/Forces/../Rotations/StickOnString.png  used on input line 237
8.
(luatex.def)             Requested size: 176.09262pt x 128.0374pt.
 [72</Users/wdlinch3/Dropbox/NoVa/TJHSST/Teaching/Physics/ClassNotes/Figures/For
ces/../Rotations/StickOnString.png>]
[73]
</Users/wdlinch3/Dropbox/NoVa/TJHSST/Teaching/Physics/ClassNotes/Figures/Forces
/../Rotations/yo-yo.png, id=1041, 416.55624pt x 536.0025pt>
File: /Users/wdlinch3/Dropbox/NoVa/TJHSST/Teaching/Physics/ClassNotes/Figures/F
orces/../Rotations/yo-yo.png Graphic file (type png)
<use /Users/wdlinch3/Dropbox/NoVa/TJHSST/Teaching/Physics/ClassNotes/Figures/Fo
rces/../Rotations/yo-yo.png>
Package luatex.def Info: /Users/wdlinch3/Dropbox/NoVa/TJHSST/Teaching/Physics/C
lassNotes/Figures/Forces/../Rotations/yo-yo.png  used on input line 2441.
(luatex.def)             Requested size: 99.49883pt x 128.0374pt.
 [74</Users/wdlinch3/Dropbox/NoVa/TJHSST/Teaching/Physics/ClassNotes/Figures/For
ces/../Rotations/yo-yo.png>] [75] [76]
</Users/wdlinch3/Dropbox/NoVa/TJHSST/Teaching/Physics/ClassNotes/Figures/Forces
/../Rotations/TPRoll.png, id=1077, 459.7175pt x 628.3475pt>
File: /Users/wdlinch3/Dropbox/NoVa/TJHSST/Teaching/Physics/ClassNotes/Figures/F
orces/../Rotations/TPRoll.png Graphic file (type png)
<use /Users/wdlinch3/Dropbox/NoVa/TJHSST/Teaching/Physics/ClassNotes/Figures/Fo
rces/../Rotations/TPRoll.png>
Package luatex.def Info: /Users/wdlinch3/Dropbox/NoVa/TJHSST/Teaching/Physics/C
lassNotes/Figures/Forces/../Rotations/TPRoll.png  used on input line 2558.
(luatex.def)             Requested size: 93.6745pt x 128.0374pt.


LaTeX Warning: `h' float specifier changed to `ht'.

[77] [78</Users/wdlinch3/Dropbox/NoVa/TJHSST/Teaching/Physics/ClassNotes/Figures
/Forces/../Rotations/TPRoll.png>] [79]
</Users/wdlinch3/Dropbox/NoVa/TJHSST/Teaching/Physics/ClassNotes/Figures/Forces
/../Rotations/MassPulley.png, id=1102, 489.83pt x 710.655pt>
File: /Users/wdlinch3/Dropbox/NoVa/TJHSST/Teaching/Physics/ClassNotes/Figures/F
orces/../Rotations/MassPulley.png Graphic file (type png)
<use /Users/wdlinch3/Dropbox/NoVa/TJHSST/Teaching/Physics/ClassNotes/Figures/Fo
rces/../Rotations/MassPulley.png>
Package luatex.def Info: /Users/wdlinch3/Dropbox/NoVa/TJHSST/Teaching/Physics/C
lassNotes/Figures/Forces/../Rotations/MassPulley.png  used on input line 2662.
(luatex.def)             Requested size: 107.86009pt x 156.49014pt.


Package wrapfig Warning: Stationary wrapfigure forced to float on input line 26
65.

[80]

Package wrapfig Warning: Stationary wrapfigure forced to float on input line 26
67.


Package wrapfig Warning: Stationary wrapfigure forced to float on input line 26
68.


Package wrapfig Warning: Stationary wrapfigure forced to float on input line 26
69.


Package wrapfig Warning: Stationary wrapfigure forced to float on input line 26
72.


Package wrapfig Warning: Stationary wrapfigure forced to float on input line 26
74.


Package wrapfig Warning: Stationary wrapfigure forced to float on input line 26
80.


Package wrapfig Warning: Stationary wrapfigure forced to float on input line 26
91.

[81]

Package wrapfig Warning: Stationary wrapfigure forced to float on input line 27
16.


Package wrapfig Warning: Stationary wrapfigure forced to float on input line 27
18.


Package wrapfig Warning: Stationary wrapfigure forced to float on input line 27
31.

[82</Users/wdlinch3/Dropbox/NoVa/TJHSST/Teaching/Physics/ClassNotes/Figures/Forc
es/../Rotations/MassPulley.png>] (./HonorsPhysicsTJ.aux)

LaTeX Warning: There were undefined references.

Package rerunfilecheck Info: File `HonorsPhysicsTJ.out' has not changed.
(rerunfilecheck)             Checksum: BCD8EC42B64C506958EE506D76A49B83;8749.
)

Here is how much of LuaTeX's memory you used:
 38471 strings out of 478285
 125240,1977958 words of node,token memory allocated
 2306 words of node memory still in use:
   32 hlist, 2 vlist, 14 rule, 1 local_par, 24 glue, 4 kern, 1 penalty, 1 margin
_kern, 3 glyph, 278 attribute, 60 glue_spec, 278 attribute_list, 2 write, 24 pdf
_literal, 24 pdf_colorstack nodes
   avail lists: 1:2,2:586,3:443,4:350,5:1144,6:126,7:7243,8:70,9:714,10:34,11:54
4,12:2
 56761 multiletter control sequences out of 65536+600000
 190 fonts using 71396887 bytes
 104i,13n,117p,1128b,717s stack positions out of 10000i,1000n,20000p,200000b,200000s
</System/Library/Fonts/Supplemental/STIXTwoMath.otf></usr/local/texlive/2023/tex
mf-dist/fonts/opentype/public/xits/XITS-Regular.otf></usr/local/texlive/2023/tex
mf-dist/fonts/opentype/public/xits/XITS-Bold.otf></System/Library/Fonts/Suppleme
ntal/STIXTwoMath.otf></System/Library/Fonts/Supplemental/STIXTwoMath.otf></usr/l
ocal/texlive/2023/texmf-dist/fonts/opentype/public/xits/XITS-Italic.otf></usr/lo
cal/texlive/2023/texmf-dist/fonts/opentype/public/xits/XITS-Regular.otf></usr/lo
cal/texlive/2023/texmf-dist/fonts/opentype/public/xits/XITS-Bold.otf></usr/local
/texlive/2023/texmf-dist/fonts/opentype/public/tex-gyre/texgyreheros-bold.otf>
Output written on HonorsPhysicsTJ.pdf (82 pages, 782561 bytes).

PDF statistics: 1208 PDF objects out of 1440 (max. 8388607)
 1003 compressed objects within 11 object streams
 442 named destinations out of 1000 (max. 131072)
 624 words of extra memory for PDF output out of 10000 (max. 100000000)

